INFO:root:Here
INFO:root:
Selector: High Level Ordering of Strategies
| Sequence: Takedown Largest Planet
| | Check: have_strongest_planet
| | Action: takedown_largest
| Sequence: Evade Enemy Attack
| | Check: wont_survive_attack
| | Action: move_fleet
| Sequence: Spread Strategy
| | Check: if_neutral_planet_available
| | Action: spread_to_weakest_neutral_planet
| Sequence: Capture Closest
| | Action: capture_closest_weakest_planet

DEBUG:root:Executing:Selector: High Level Ordering of Strategies
DEBUG:root:Executing:Sequence: Takedown Largest Planet
DEBUG:root:Executing:Check: have_strongest_planet
DEBUG:root:Result: Check: have_strongest_planet -> Failure
DEBUG:root:Result: Sequence: Takedown Largest Planet -> Failure
DEBUG:root:Executing:Sequence: Evade Enemy Attack
DEBUG:root:Executing:Check: wont_survive_attack
DEBUG:root:Result: Check: wont_survive_attack -> Failure
DEBUG:root:Result: Sequence: Evade Enemy Attack -> Failure
DEBUG:root:Executing:Sequence: Spread Strategy
DEBUG:root:Executing:Check: if_neutral_planet_available
DEBUG:root:Result: Check: if_neutral_planet_available -> Success
DEBUG:root:Executing:Action: spread_to_weakest_neutral_planet
DEBUG:root:Order:1 9 11.0
DEBUG:root:Result: Action: spread_to_weakest_neutral_planet -> Success
DEBUG:root:Result: Sequence: Spread Strategy -> Success
DEBUG:root:Result: Selector: High Level Ordering of Strategies -> Success
DEBUG:root:Finish turn

DEBUG:root:Executing:Selector: High Level Ordering of Strategies
DEBUG:root:Executing:Sequence: Takedown Largest Planet
DEBUG:root:Executing:Check: have_strongest_planet
DEBUG:root:Result: Check: have_strongest_planet -> Failure
DEBUG:root:Result: Sequence: Takedown Largest Planet -> Failure
DEBUG:root:Executing:Sequence: Evade Enemy Attack
DEBUG:root:Executing:Check: wont_survive_attack
DEBUG:root:Result: Check: wont_survive_attack -> Failure
DEBUG:root:Result: Sequence: Evade Enemy Attack -> Failure
DEBUG:root:Executing:Sequence: Spread Strategy
DEBUG:root:Executing:Check: if_neutral_planet_available
DEBUG:root:Result: Check: if_neutral_planet_available -> Success
DEBUG:root:Executing:Action: spread_to_weakest_neutral_planet
DEBUG:root:Result: Action: spread_to_weakest_neutral_planet -> Failure
DEBUG:root:Result: Sequence: Spread Strategy -> Failure
DEBUG:root:Executing:Sequence: Capture Closest
DEBUG:root:Executing:Action: capture_closest_weakest_planet
DEBUG:root:Order:1 10 21.0
DEBUG:root:Result: Action: capture_closest_weakest_planet -> Failure
DEBUG:root:Result: Sequence: Capture Closest -> Failure
DEBUG:root:Result: Selector: High Level Ordering of Strategies -> Failure
DEBUG:root:Finish turn

DEBUG:root:Executing:Selector: High Level Ordering of Strategies
DEBUG:root:Executing:Sequence: Takedown Largest Planet
DEBUG:root:Executing:Check: have_strongest_planet
DEBUG:root:Result: Check: have_strongest_planet -> Failure
DEBUG:root:Result: Sequence: Takedown Largest Planet -> Failure
DEBUG:root:Executing:Sequence: Evade Enemy Attack
DEBUG:root:Executing:Check: wont_survive_attack
DEBUG:root:Result: Check: wont_survive_attack -> Failure
DEBUG:root:Result: Sequence: Evade Enemy Attack -> Failure
DEBUG:root:Executing:Sequence: Spread Strategy
DEBUG:root:Executing:Check: if_neutral_planet_available
DEBUG:root:Result: Check: if_neutral_planet_available -> Success
DEBUG:root:Executing:Action: spread_to_weakest_neutral_planet
DEBUG:root:Result: Action: spread_to_weakest_neutral_planet -> Failure
DEBUG:root:Result: Sequence: Spread Strategy -> Failure
DEBUG:root:Executing:Sequence: Capture Closest
DEBUG:root:Executing:Action: capture_closest_weakest_planet
DEBUG:root:Order:1 10 21.0
DEBUG:root:Result: Action: capture_closest_weakest_planet -> Failure
DEBUG:root:Result: Sequence: Capture Closest -> Failure
DEBUG:root:Result: Selector: High Level Ordering of Strategies -> Failure
DEBUG:root:Finish turn

DEBUG:root:Executing:Selector: High Level Ordering of Strategies
DEBUG:root:Executing:Sequence: Takedown Largest Planet
DEBUG:root:Executing:Check: have_strongest_planet
DEBUG:root:Result: Check: have_strongest_planet -> Failure
DEBUG:root:Result: Sequence: Takedown Largest Planet -> Failure
DEBUG:root:Executing:Sequence: Evade Enemy Attack
DEBUG:root:Executing:Check: wont_survive_attack
DEBUG:root:Result: Check: wont_survive_attack -> Failure
DEBUG:root:Result: Sequence: Evade Enemy Attack -> Failure
DEBUG:root:Executing:Sequence: Spread Strategy
DEBUG:root:Executing:Check: if_neutral_planet_available
DEBUG:root:Result: Check: if_neutral_planet_available -> Success
DEBUG:root:Executing:Action: spread_to_weakest_neutral_planet
DEBUG:root:Result: Action: spread_to_weakest_neutral_planet -> Failure
DEBUG:root:Result: Sequence: Spread Strategy -> Failure
DEBUG:root:Executing:Sequence: Capture Closest
DEBUG:root:Executing:Action: capture_closest_weakest_planet
DEBUG:root:Order:1 10 21.0
DEBUG:root:Result: Action: capture_closest_weakest_planet -> Failure
DEBUG:root:Result: Sequence: Capture Closest -> Failure
DEBUG:root:Result: Selector: High Level Ordering of Strategies -> Failure
DEBUG:root:Finish turn

DEBUG:root:Executing:Selector: High Level Ordering of Strategies
DEBUG:root:Executing:Sequence: Takedown Largest Planet
DEBUG:root:Executing:Check: have_strongest_planet
DEBUG:root:Result: Check: have_strongest_planet -> Failure
DEBUG:root:Result: Sequence: Takedown Largest Planet -> Failure
DEBUG:root:Executing:Sequence: Evade Enemy Attack
DEBUG:root:Executing:Check: wont_survive_attack
DEBUG:root:Result: Check: wont_survive_attack -> Failure
DEBUG:root:Result: Sequence: Evade Enemy Attack -> Failure
DEBUG:root:Executing:Sequence: Spread Strategy
DEBUG:root:Executing:Check: if_neutral_planet_available
DEBUG:root:Result: Check: if_neutral_planet_available -> Success
DEBUG:root:Executing:Action: spread_to_weakest_neutral_planet
DEBUG:root:Result: Action: spread_to_weakest_neutral_planet -> Failure
DEBUG:root:Result: Sequence: Spread Strategy -> Failure
DEBUG:root:Executing:Sequence: Capture Closest
DEBUG:root:Executing:Action: capture_closest_weakest_planet
DEBUG:root:Order:1 10 21.0
DEBUG:root:Result: Action: capture_closest_weakest_planet -> Failure
DEBUG:root:Result: Sequence: Capture Closest -> Failure
DEBUG:root:Result: Selector: High Level Ordering of Strategies -> Failure
DEBUG:root:Finish turn

DEBUG:root:Executing:Selector: High Level Ordering of Strategies
DEBUG:root:Executing:Sequence: Takedown Largest Planet
DEBUG:root:Executing:Check: have_strongest_planet
DEBUG:root:Result: Check: have_strongest_planet -> Failure
DEBUG:root:Result: Sequence: Takedown Largest Planet -> Failure
DEBUG:root:Executing:Sequence: Evade Enemy Attack
DEBUG:root:Executing:Check: wont_survive_attack
DEBUG:root:Result: Check: wont_survive_attack -> Failure
DEBUG:root:Result: Sequence: Evade Enemy Attack -> Failure
DEBUG:root:Executing:Sequence: Spread Strategy
DEBUG:root:Executing:Check: if_neutral_planet_available
DEBUG:root:Result: Check: if_neutral_planet_available -> Success
DEBUG:root:Executing:Action: spread_to_weakest_neutral_planet
DEBUG:root:Result: Action: spread_to_weakest_neutral_planet -> Failure
DEBUG:root:Result: Sequence: Spread Strategy -> Failure
DEBUG:root:Executing:Sequence: Capture Closest
DEBUG:root:Executing:Action: capture_closest_weakest_planet
DEBUG:root:Order:1 10 21.0
DEBUG:root:Result: Action: capture_closest_weakest_planet -> Failure
DEBUG:root:Result: Sequence: Capture Closest -> Failure
DEBUG:root:Result: Selector: High Level Ordering of Strategies -> Failure
DEBUG:root:Finish turn

DEBUG:root:Executing:Selector: High Level Ordering of Strategies
DEBUG:root:Executing:Sequence: Takedown Largest Planet
DEBUG:root:Executing:Check: have_strongest_planet
DEBUG:root:Result: Check: have_strongest_planet -> Failure
DEBUG:root:Result: Sequence: Takedown Largest Planet -> Failure
DEBUG:root:Executing:Sequence: Evade Enemy Attack
DEBUG:root:Executing:Check: wont_survive_attack
DEBUG:root:Result: Check: wont_survive_attack -> Failure
DEBUG:root:Result: Sequence: Evade Enemy Attack -> Failure
DEBUG:root:Executing:Sequence: Spread Strategy
DEBUG:root:Executing:Check: if_neutral_planet_available
DEBUG:root:Result: Check: if_neutral_planet_available -> Success
DEBUG:root:Executing:Action: spread_to_weakest_neutral_planet
DEBUG:root:Result: Action: spread_to_weakest_neutral_planet -> Failure
DEBUG:root:Result: Sequence: Spread Strategy -> Failure
DEBUG:root:Executing:Sequence: Capture Closest
DEBUG:root:Executing:Action: capture_closest_weakest_planet
DEBUG:root:Result: Action: capture_closest_weakest_planet -> Failure
DEBUG:root:Result: Sequence: Capture Closest -> Failure
DEBUG:root:Result: Selector: High Level Ordering of Strategies -> Failure
DEBUG:root:Finish turn

DEBUG:root:Executing:Selector: High Level Ordering of Strategies
DEBUG:root:Executing:Sequence: Takedown Largest Planet
DEBUG:root:Executing:Check: have_strongest_planet
DEBUG:root:Result: Check: have_strongest_planet -> Failure
DEBUG:root:Result: Sequence: Takedown Largest Planet -> Failure
DEBUG:root:Executing:Sequence: Evade Enemy Attack
DEBUG:root:Executing:Check: wont_survive_attack
DEBUG:root:Result: Check: wont_survive_attack -> Failure
DEBUG:root:Result: Sequence: Evade Enemy Attack -> Failure
DEBUG:root:Executing:Sequence: Spread Strategy
DEBUG:root:Executing:Check: if_neutral_planet_available
DEBUG:root:Result: Check: if_neutral_planet_available -> Success
DEBUG:root:Executing:Action: spread_to_weakest_neutral_planet
DEBUG:root:Result: Action: spread_to_weakest_neutral_planet -> Failure
DEBUG:root:Result: Sequence: Spread Strategy -> Failure
DEBUG:root:Executing:Sequence: Capture Closest
DEBUG:root:Executing:Action: capture_closest_weakest_planet
DEBUG:root:Order:10 9 21.0
DEBUG:root:Result: Action: capture_closest_weakest_planet -> Failure
DEBUG:root:Result: Sequence: Capture Closest -> Failure
DEBUG:root:Result: Selector: High Level Ordering of Strategies -> Failure
DEBUG:root:Finish turn

DEBUG:root:Executing:Selector: High Level Ordering of Strategies
DEBUG:root:Executing:Sequence: Takedown Largest Planet
DEBUG:root:Executing:Check: have_strongest_planet
DEBUG:root:Result: Check: have_strongest_planet -> Failure
DEBUG:root:Result: Sequence: Takedown Largest Planet -> Failure
DEBUG:root:Executing:Sequence: Evade Enemy Attack
DEBUG:root:Executing:Check: wont_survive_attack
DEBUG:root:Result: Check: wont_survive_attack -> Failure
DEBUG:root:Result: Sequence: Evade Enemy Attack -> Failure
DEBUG:root:Executing:Sequence: Spread Strategy
DEBUG:root:Executing:Check: if_neutral_planet_available
DEBUG:root:Result: Check: if_neutral_planet_available -> Success
DEBUG:root:Executing:Action: spread_to_weakest_neutral_planet
DEBUG:root:Result: Action: spread_to_weakest_neutral_planet -> Failure
DEBUG:root:Result: Sequence: Spread Strategy -> Failure
DEBUG:root:Executing:Sequence: Capture Closest
DEBUG:root:Executing:Action: capture_closest_weakest_planet
DEBUG:root:Order:10 9 21.0
DEBUG:root:Result: Action: capture_closest_weakest_planet -> Failure
DEBUG:root:Result: Sequence: Capture Closest -> Failure
DEBUG:root:Result: Selector: High Level Ordering of Strategies -> Failure
DEBUG:root:Finish turn

DEBUG:root:Executing:Selector: High Level Ordering of Strategies
DEBUG:root:Executing:Sequence: Takedown Largest Planet
DEBUG:root:Executing:Check: have_strongest_planet
DEBUG:root:Result: Check: have_strongest_planet -> Failure
DEBUG:root:Result: Sequence: Takedown Largest Planet -> Failure
DEBUG:root:Executing:Sequence: Evade Enemy Attack
DEBUG:root:Executing:Check: wont_survive_attack
DEBUG:root:Result: Check: wont_survive_attack -> Failure
DEBUG:root:Result: Sequence: Evade Enemy Attack -> Failure
DEBUG:root:Executing:Sequence: Spread Strategy
DEBUG:root:Executing:Check: if_neutral_planet_available
DEBUG:root:Result: Check: if_neutral_planet_available -> Success
DEBUG:root:Executing:Action: spread_to_weakest_neutral_planet
DEBUG:root:Result: Action: spread_to_weakest_neutral_planet -> Failure
DEBUG:root:Result: Sequence: Spread Strategy -> Failure
DEBUG:root:Executing:Sequence: Capture Closest
DEBUG:root:Executing:Action: capture_closest_weakest_planet
DEBUG:root:Order:10 9 21.0
DEBUG:root:Result: Action: capture_closest_weakest_planet -> Failure
DEBUG:root:Result: Sequence: Capture Closest -> Failure
DEBUG:root:Result: Selector: High Level Ordering of Strategies -> Failure
DEBUG:root:Finish turn

DEBUG:root:Executing:Selector: High Level Ordering of Strategies
DEBUG:root:Executing:Sequence: Takedown Largest Planet
DEBUG:root:Executing:Check: have_strongest_planet
DEBUG:root:Result: Check: have_strongest_planet -> Failure
DEBUG:root:Result: Sequence: Takedown Largest Planet -> Failure
DEBUG:root:Executing:Sequence: Evade Enemy Attack
DEBUG:root:Executing:Check: wont_survive_attack
DEBUG:root:Result: Check: wont_survive_attack -> Failure
DEBUG:root:Result: Sequence: Evade Enemy Attack -> Failure
DEBUG:root:Executing:Sequence: Spread Strategy
DEBUG:root:Executing:Check: if_neutral_planet_available
DEBUG:root:Result: Check: if_neutral_planet_available -> Success
DEBUG:root:Executing:Action: spread_to_weakest_neutral_planet
DEBUG:root:Result: Action: spread_to_weakest_neutral_planet -> Failure
DEBUG:root:Result: Sequence: Spread Strategy -> Failure
DEBUG:root:Executing:Sequence: Capture Closest
DEBUG:root:Executing:Action: capture_closest_weakest_planet
DEBUG:root:Order:10 9 21.0
DEBUG:root:Result: Action: capture_closest_weakest_planet -> Failure
DEBUG:root:Result: Sequence: Capture Closest -> Failure
DEBUG:root:Result: Selector: High Level Ordering of Strategies -> Failure
DEBUG:root:Finish turn

DEBUG:root:Executing:Selector: High Level Ordering of Strategies
DEBUG:root:Executing:Sequence: Takedown Largest Planet
DEBUG:root:Executing:Check: have_strongest_planet
DEBUG:root:Result: Check: have_strongest_planet -> Failure
DEBUG:root:Result: Sequence: Takedown Largest Planet -> Failure
DEBUG:root:Executing:Sequence: Evade Enemy Attack
DEBUG:root:Executing:Check: wont_survive_attack
DEBUG:root:Result: Check: wont_survive_attack -> Failure
DEBUG:root:Result: Sequence: Evade Enemy Attack -> Failure
DEBUG:root:Executing:Sequence: Spread Strategy
DEBUG:root:Executing:Check: if_neutral_planet_available
DEBUG:root:Result: Check: if_neutral_planet_available -> Success
DEBUG:root:Executing:Action: spread_to_weakest_neutral_planet
DEBUG:root:Result: Action: spread_to_weakest_neutral_planet -> Failure
DEBUG:root:Result: Sequence: Spread Strategy -> Failure
DEBUG:root:Executing:Sequence: Capture Closest
DEBUG:root:Executing:Action: capture_closest_weakest_planet
DEBUG:root:Order:10 18 23.0
DEBUG:root:Result: Action: capture_closest_weakest_planet -> Failure
DEBUG:root:Result: Sequence: Capture Closest -> Failure
DEBUG:root:Result: Selector: High Level Ordering of Strategies -> Failure
DEBUG:root:Finish turn

DEBUG:root:Executing:Selector: High Level Ordering of Strategies
DEBUG:root:Executing:Sequence: Takedown Largest Planet
DEBUG:root:Executing:Check: have_strongest_planet
DEBUG:root:Result: Check: have_strongest_planet -> Failure
DEBUG:root:Result: Sequence: Takedown Largest Planet -> Failure
DEBUG:root:Executing:Sequence: Evade Enemy Attack
DEBUG:root:Executing:Check: wont_survive_attack
DEBUG:root:Result: Check: wont_survive_attack -> Failure
DEBUG:root:Result: Sequence: Evade Enemy Attack -> Failure
DEBUG:root:Executing:Sequence: Spread Strategy
DEBUG:root:Executing:Check: if_neutral_planet_available
DEBUG:root:Result: Check: if_neutral_planet_available -> Success
DEBUG:root:Executing:Action: spread_to_weakest_neutral_planet
DEBUG:root:Result: Action: spread_to_weakest_neutral_planet -> Failure
DEBUG:root:Result: Sequence: Spread Strategy -> Failure
DEBUG:root:Executing:Sequence: Capture Closest
DEBUG:root:Executing:Action: capture_closest_weakest_planet
DEBUG:root:Order:1 17 23.0
DEBUG:root:Result: Action: capture_closest_weakest_planet -> Failure
DEBUG:root:Result: Sequence: Capture Closest -> Failure
DEBUG:root:Result: Selector: High Level Ordering of Strategies -> Failure
DEBUG:root:Finish turn

DEBUG:root:Executing:Selector: High Level Ordering of Strategies
DEBUG:root:Executing:Sequence: Takedown Largest Planet
DEBUG:root:Executing:Check: have_strongest_planet
DEBUG:root:Result: Check: have_strongest_planet -> Failure
DEBUG:root:Result: Sequence: Takedown Largest Planet -> Failure
DEBUG:root:Executing:Sequence: Evade Enemy Attack
DEBUG:root:Executing:Check: wont_survive_attack
DEBUG:root:Result: Check: wont_survive_attack -> Failure
DEBUG:root:Result: Sequence: Evade Enemy Attack -> Failure
DEBUG:root:Executing:Sequence: Spread Strategy
DEBUG:root:Executing:Check: if_neutral_planet_available
DEBUG:root:Result: Check: if_neutral_planet_available -> Success
DEBUG:root:Executing:Action: spread_to_weakest_neutral_planet
DEBUG:root:Result: Action: spread_to_weakest_neutral_planet -> Failure
DEBUG:root:Result: Sequence: Spread Strategy -> Failure
DEBUG:root:Executing:Sequence: Capture Closest
DEBUG:root:Executing:Action: capture_closest_weakest_planet
DEBUG:root:Order:1 17 23.0
DEBUG:root:Result: Action: capture_closest_weakest_planet -> Failure
DEBUG:root:Result: Sequence: Capture Closest -> Failure
DEBUG:root:Result: Selector: High Level Ordering of Strategies -> Failure
DEBUG:root:Finish turn

DEBUG:root:Executing:Selector: High Level Ordering of Strategies
DEBUG:root:Executing:Sequence: Takedown Largest Planet
DEBUG:root:Executing:Check: have_strongest_planet
DEBUG:root:Result: Check: have_strongest_planet -> Failure
DEBUG:root:Result: Sequence: Takedown Largest Planet -> Failure
DEBUG:root:Executing:Sequence: Evade Enemy Attack
DEBUG:root:Executing:Check: wont_survive_attack
DEBUG:root:Result: Check: wont_survive_attack -> Failure
DEBUG:root:Result: Sequence: Evade Enemy Attack -> Failure
DEBUG:root:Executing:Sequence: Spread Strategy
DEBUG:root:Executing:Check: if_neutral_planet_available
DEBUG:root:Result: Check: if_neutral_planet_available -> Success
DEBUG:root:Executing:Action: spread_to_weakest_neutral_planet
DEBUG:root:Result: Action: spread_to_weakest_neutral_planet -> Failure
DEBUG:root:Result: Sequence: Spread Strategy -> Failure
DEBUG:root:Executing:Sequence: Capture Closest
DEBUG:root:Executing:Action: capture_closest_weakest_planet
DEBUG:root:Order:10 14 21.0
DEBUG:root:Result: Action: capture_closest_weakest_planet -> Failure
DEBUG:root:Result: Sequence: Capture Closest -> Failure
DEBUG:root:Result: Selector: High Level Ordering of Strategies -> Failure
DEBUG:root:Finish turn

DEBUG:root:Executing:Selector: High Level Ordering of Strategies
DEBUG:root:Executing:Sequence: Takedown Largest Planet
DEBUG:root:Executing:Check: have_strongest_planet
DEBUG:root:Result: Check: have_strongest_planet -> Failure
DEBUG:root:Result: Sequence: Takedown Largest Planet -> Failure
DEBUG:root:Executing:Sequence: Evade Enemy Attack
DEBUG:root:Executing:Check: wont_survive_attack
DEBUG:root:Result: Check: wont_survive_attack -> Failure
DEBUG:root:Result: Sequence: Evade Enemy Attack -> Failure
DEBUG:root:Executing:Sequence: Spread Strategy
DEBUG:root:Executing:Check: if_neutral_planet_available
DEBUG:root:Result: Check: if_neutral_planet_available -> Success
DEBUG:root:Executing:Action: spread_to_weakest_neutral_planet
DEBUG:root:Result: Action: spread_to_weakest_neutral_planet -> Failure
DEBUG:root:Result: Sequence: Spread Strategy -> Failure
DEBUG:root:Executing:Sequence: Capture Closest
DEBUG:root:Executing:Action: capture_closest_weakest_planet
DEBUG:root:Result: Action: capture_closest_weakest_planet -> Failure
DEBUG:root:Result: Sequence: Capture Closest -> Failure
DEBUG:root:Result: Selector: High Level Ordering of Strategies -> Failure
DEBUG:root:Finish turn

DEBUG:root:Executing:Selector: High Level Ordering of Strategies
DEBUG:root:Executing:Sequence: Takedown Largest Planet
DEBUG:root:Executing:Check: have_strongest_planet
DEBUG:root:Result: Check: have_strongest_planet -> Failure
DEBUG:root:Result: Sequence: Takedown Largest Planet -> Failure
DEBUG:root:Executing:Sequence: Evade Enemy Attack
DEBUG:root:Executing:Check: wont_survive_attack
DEBUG:root:Result: Check: wont_survive_attack -> Failure
DEBUG:root:Result: Sequence: Evade Enemy Attack -> Failure
DEBUG:root:Executing:Sequence: Spread Strategy
DEBUG:root:Executing:Check: if_neutral_planet_available
DEBUG:root:Result: Check: if_neutral_planet_available -> Success
DEBUG:root:Executing:Action: spread_to_weakest_neutral_planet
DEBUG:root:Result: Action: spread_to_weakest_neutral_planet -> Failure
DEBUG:root:Result: Sequence: Spread Strategy -> Failure
DEBUG:root:Executing:Sequence: Capture Closest
DEBUG:root:Executing:Action: capture_closest_weakest_planet
DEBUG:root:Order:9 14 23.0
DEBUG:root:Result: Action: capture_closest_weakest_planet -> Failure
DEBUG:root:Result: Sequence: Capture Closest -> Failure
DEBUG:root:Result: Selector: High Level Ordering of Strategies -> Failure
DEBUG:root:Finish turn

DEBUG:root:Executing:Selector: High Level Ordering of Strategies
DEBUG:root:Executing:Sequence: Takedown Largest Planet
DEBUG:root:Executing:Check: have_strongest_planet
DEBUG:root:Result: Check: have_strongest_planet -> Failure
DEBUG:root:Result: Sequence: Takedown Largest Planet -> Failure
DEBUG:root:Executing:Sequence: Evade Enemy Attack
DEBUG:root:Executing:Check: wont_survive_attack
DEBUG:root:Result: Check: wont_survive_attack -> Failure
DEBUG:root:Result: Sequence: Evade Enemy Attack -> Failure
DEBUG:root:Executing:Sequence: Spread Strategy
DEBUG:root:Executing:Check: if_neutral_planet_available
DEBUG:root:Result: Check: if_neutral_planet_available -> Success
DEBUG:root:Executing:Action: spread_to_weakest_neutral_planet
DEBUG:root:Result: Action: spread_to_weakest_neutral_planet -> Failure
DEBUG:root:Result: Sequence: Spread Strategy -> Failure
DEBUG:root:Executing:Sequence: Capture Closest
DEBUG:root:Executing:Action: capture_closest_weakest_planet
DEBUG:root:Order:9 14 24.0
DEBUG:root:Result: Action: capture_closest_weakest_planet -> Failure
DEBUG:root:Result: Sequence: Capture Closest -> Failure
DEBUG:root:Result: Selector: High Level Ordering of Strategies -> Failure
DEBUG:root:Finish turn

DEBUG:root:Executing:Selector: High Level Ordering of Strategies
DEBUG:root:Executing:Sequence: Takedown Largest Planet
DEBUG:root:Executing:Check: have_strongest_planet
DEBUG:root:Result: Check: have_strongest_planet -> Failure
DEBUG:root:Result: Sequence: Takedown Largest Planet -> Failure
DEBUG:root:Executing:Sequence: Evade Enemy Attack
DEBUG:root:Executing:Check: wont_survive_attack
DEBUG:root:Result: Check: wont_survive_attack -> Failure
DEBUG:root:Result: Sequence: Evade Enemy Attack -> Failure
DEBUG:root:Executing:Sequence: Spread Strategy
DEBUG:root:Executing:Check: if_neutral_planet_available
DEBUG:root:Result: Check: if_neutral_planet_available -> Success
DEBUG:root:Executing:Action: spread_to_weakest_neutral_planet
DEBUG:root:Result: Action: spread_to_weakest_neutral_planet -> Failure
DEBUG:root:Result: Sequence: Spread Strategy -> Failure
DEBUG:root:Executing:Sequence: Capture Closest
DEBUG:root:Executing:Action: capture_closest_weakest_planet
DEBUG:root:Order:9 14 25.0
DEBUG:root:Result: Action: capture_closest_weakest_planet -> Failure
DEBUG:root:Result: Sequence: Capture Closest -> Failure
DEBUG:root:Result: Selector: High Level Ordering of Strategies -> Failure
DEBUG:root:Finish turn

DEBUG:root:Executing:Selector: High Level Ordering of Strategies
DEBUG:root:Executing:Sequence: Takedown Largest Planet
DEBUG:root:Executing:Check: have_strongest_planet
DEBUG:root:Result: Check: have_strongest_planet -> Failure
DEBUG:root:Result: Sequence: Takedown Largest Planet -> Failure
DEBUG:root:Executing:Sequence: Evade Enemy Attack
DEBUG:root:Executing:Check: wont_survive_attack
DEBUG:root:Result: Check: wont_survive_attack -> Failure
DEBUG:root:Result: Sequence: Evade Enemy Attack -> Failure
DEBUG:root:Executing:Sequence: Spread Strategy
DEBUG:root:Executing:Check: if_neutral_planet_available
DEBUG:root:Result: Check: if_neutral_planet_available -> Success
DEBUG:root:Executing:Action: spread_to_weakest_neutral_planet
DEBUG:root:Result: Action: spread_to_weakest_neutral_planet -> Failure
DEBUG:root:Result: Sequence: Spread Strategy -> Failure
DEBUG:root:Executing:Sequence: Capture Closest
DEBUG:root:Executing:Action: capture_closest_weakest_planet
DEBUG:root:Order:9 2 28.0
DEBUG:root:Result: Action: capture_closest_weakest_planet -> Failure
DEBUG:root:Result: Sequence: Capture Closest -> Failure
DEBUG:root:Result: Selector: High Level Ordering of Strategies -> Failure
DEBUG:root:Finish turn

DEBUG:root:Executing:Selector: High Level Ordering of Strategies
DEBUG:root:Executing:Sequence: Takedown Largest Planet
DEBUG:root:Executing:Check: have_strongest_planet
DEBUG:root:Result: Check: have_strongest_planet -> Failure
DEBUG:root:Result: Sequence: Takedown Largest Planet -> Failure
DEBUG:root:Executing:Sequence: Evade Enemy Attack
DEBUG:root:Executing:Check: wont_survive_attack
DEBUG:root:Result: Check: wont_survive_attack -> Failure
DEBUG:root:Result: Sequence: Evade Enemy Attack -> Failure
DEBUG:root:Executing:Sequence: Spread Strategy
DEBUG:root:Executing:Check: if_neutral_planet_available
DEBUG:root:Result: Check: if_neutral_planet_available -> Success
DEBUG:root:Executing:Action: spread_to_weakest_neutral_planet
DEBUG:root:Result: Action: spread_to_weakest_neutral_planet -> Failure
DEBUG:root:Result: Sequence: Spread Strategy -> Failure
DEBUG:root:Executing:Sequence: Capture Closest
DEBUG:root:Executing:Action: capture_closest_weakest_planet
DEBUG:root:Order:1 7 25.0
DEBUG:root:Result: Action: capture_closest_weakest_planet -> Failure
DEBUG:root:Result: Sequence: Capture Closest -> Failure
DEBUG:root:Result: Selector: High Level Ordering of Strategies -> Failure
DEBUG:root:Finish turn

DEBUG:root:Executing:Selector: High Level Ordering of Strategies
DEBUG:root:Executing:Sequence: Takedown Largest Planet
DEBUG:root:Executing:Check: have_strongest_planet
DEBUG:root:Result: Check: have_strongest_planet -> Failure
DEBUG:root:Result: Sequence: Takedown Largest Planet -> Failure
DEBUG:root:Executing:Sequence: Evade Enemy Attack
DEBUG:root:Executing:Check: wont_survive_attack
DEBUG:root:Result: Check: wont_survive_attack -> Failure
DEBUG:root:Result: Sequence: Evade Enemy Attack -> Failure
DEBUG:root:Executing:Sequence: Spread Strategy
DEBUG:root:Executing:Check: if_neutral_planet_available
DEBUG:root:Result: Check: if_neutral_planet_available -> Success
DEBUG:root:Executing:Action: spread_to_weakest_neutral_planet
DEBUG:root:Result: Action: spread_to_weakest_neutral_planet -> Failure
DEBUG:root:Result: Sequence: Spread Strategy -> Failure
DEBUG:root:Executing:Sequence: Capture Closest
DEBUG:root:Executing:Action: capture_closest_weakest_planet
DEBUG:root:Order:10 15 21.0
DEBUG:root:Result: Action: capture_closest_weakest_planet -> Failure
DEBUG:root:Result: Sequence: Capture Closest -> Failure
DEBUG:root:Result: Selector: High Level Ordering of Strategies -> Failure
DEBUG:root:Finish turn

DEBUG:root:Executing:Selector: High Level Ordering of Strategies
DEBUG:root:Executing:Sequence: Takedown Largest Planet
DEBUG:root:Executing:Check: have_strongest_planet
DEBUG:root:Result: Check: have_strongest_planet -> Failure
DEBUG:root:Result: Sequence: Takedown Largest Planet -> Failure
DEBUG:root:Executing:Sequence: Evade Enemy Attack
DEBUG:root:Executing:Check: wont_survive_attack
DEBUG:root:Result: Check: wont_survive_attack -> Failure
DEBUG:root:Result: Sequence: Evade Enemy Attack -> Failure
DEBUG:root:Executing:Sequence: Spread Strategy
DEBUG:root:Executing:Check: if_neutral_planet_available
DEBUG:root:Result: Check: if_neutral_planet_available -> Success
DEBUG:root:Executing:Action: spread_to_weakest_neutral_planet
DEBUG:root:Result: Action: spread_to_weakest_neutral_planet -> Failure
DEBUG:root:Result: Sequence: Spread Strategy -> Failure
DEBUG:root:Executing:Sequence: Capture Closest
DEBUG:root:Executing:Action: capture_closest_weakest_planet
DEBUG:root:Order:9 15 24.0
DEBUG:root:Result: Action: capture_closest_weakest_planet -> Failure
DEBUG:root:Result: Sequence: Capture Closest -> Failure
DEBUG:root:Result: Selector: High Level Ordering of Strategies -> Failure
DEBUG:root:Finish turn

DEBUG:root:Executing:Selector: High Level Ordering of Strategies
DEBUG:root:Executing:Sequence: Takedown Largest Planet
DEBUG:root:Executing:Check: have_strongest_planet
DEBUG:root:Result: Check: have_strongest_planet -> Failure
DEBUG:root:Result: Sequence: Takedown Largest Planet -> Failure
DEBUG:root:Executing:Sequence: Evade Enemy Attack
DEBUG:root:Executing:Check: wont_survive_attack
DEBUG:root:Result: Check: wont_survive_attack -> Failure
DEBUG:root:Result: Sequence: Evade Enemy Attack -> Failure
DEBUG:root:Executing:Sequence: Spread Strategy
DEBUG:root:Executing:Check: if_neutral_planet_available
DEBUG:root:Result: Check: if_neutral_planet_available -> Success
DEBUG:root:Executing:Action: spread_to_weakest_neutral_planet
DEBUG:root:Result: Action: spread_to_weakest_neutral_planet -> Failure
DEBUG:root:Result: Sequence: Spread Strategy -> Failure
DEBUG:root:Executing:Sequence: Capture Closest
DEBUG:root:Executing:Action: capture_closest_weakest_planet
DEBUG:root:Order:17 13 23.0
DEBUG:root:Result: Action: capture_closest_weakest_planet -> Failure
DEBUG:root:Result: Sequence: Capture Closest -> Failure
DEBUG:root:Result: Selector: High Level Ordering of Strategies -> Failure
DEBUG:root:Finish turn

DEBUG:root:Executing:Selector: High Level Ordering of Strategies
DEBUG:root:Executing:Sequence: Takedown Largest Planet
DEBUG:root:Executing:Check: have_strongest_planet
DEBUG:root:Result: Check: have_strongest_planet -> Failure
DEBUG:root:Result: Sequence: Takedown Largest Planet -> Failure
DEBUG:root:Executing:Sequence: Evade Enemy Attack
DEBUG:root:Executing:Check: wont_survive_attack
DEBUG:root:Result: Check: wont_survive_attack -> Failure
DEBUG:root:Result: Sequence: Evade Enemy Attack -> Failure
DEBUG:root:Executing:Sequence: Spread Strategy
DEBUG:root:Executing:Check: if_neutral_planet_available
DEBUG:root:Result: Check: if_neutral_planet_available -> Success
DEBUG:root:Executing:Action: spread_to_weakest_neutral_planet
DEBUG:root:Result: Action: spread_to_weakest_neutral_planet -> Failure
DEBUG:root:Result: Sequence: Spread Strategy -> Failure
DEBUG:root:Executing:Sequence: Capture Closest
DEBUG:root:Executing:Action: capture_closest_weakest_planet
DEBUG:root:Order:1 13 24.0
DEBUG:root:Result: Action: capture_closest_weakest_planet -> Failure
DEBUG:root:Result: Sequence: Capture Closest -> Failure
DEBUG:root:Result: Selector: High Level Ordering of Strategies -> Failure
DEBUG:root:Finish turn

DEBUG:root:Executing:Selector: High Level Ordering of Strategies
DEBUG:root:Executing:Sequence: Takedown Largest Planet
DEBUG:root:Executing:Check: have_strongest_planet
DEBUG:root:Result: Check: have_strongest_planet -> Failure
DEBUG:root:Result: Sequence: Takedown Largest Planet -> Failure
DEBUG:root:Executing:Sequence: Evade Enemy Attack
DEBUG:root:Executing:Check: wont_survive_attack
DEBUG:root:Result: Check: wont_survive_attack -> Failure
DEBUG:root:Result: Sequence: Evade Enemy Attack -> Failure
DEBUG:root:Executing:Sequence: Spread Strategy
DEBUG:root:Executing:Check: if_neutral_planet_available
DEBUG:root:Result: Check: if_neutral_planet_available -> Success
DEBUG:root:Executing:Action: spread_to_weakest_neutral_planet
DEBUG:root:Result: Action: spread_to_weakest_neutral_planet -> Failure
DEBUG:root:Result: Sequence: Spread Strategy -> Failure
DEBUG:root:Executing:Sequence: Capture Closest
DEBUG:root:Executing:Action: capture_closest_weakest_planet
DEBUG:root:Order:14 16 21.0
DEBUG:root:Result: Action: capture_closest_weakest_planet -> Failure
DEBUG:root:Result: Sequence: Capture Closest -> Failure
DEBUG:root:Result: Selector: High Level Ordering of Strategies -> Failure
DEBUG:root:Finish turn

DEBUG:root:Executing:Selector: High Level Ordering of Strategies
DEBUG:root:Executing:Sequence: Takedown Largest Planet
DEBUG:root:Executing:Check: have_strongest_planet
DEBUG:root:Result: Check: have_strongest_planet -> Failure
DEBUG:root:Result: Sequence: Takedown Largest Planet -> Failure
DEBUG:root:Executing:Sequence: Evade Enemy Attack
DEBUG:root:Executing:Check: wont_survive_attack
DEBUG:root:Result: Check: wont_survive_attack -> Failure
DEBUG:root:Result: Sequence: Evade Enemy Attack -> Failure
DEBUG:root:Executing:Sequence: Spread Strategy
DEBUG:root:Executing:Check: if_neutral_planet_available
DEBUG:root:Result: Check: if_neutral_planet_available -> Success
DEBUG:root:Executing:Action: spread_to_weakest_neutral_planet
DEBUG:root:Result: Action: spread_to_weakest_neutral_planet -> Failure
DEBUG:root:Result: Sequence: Spread Strategy -> Failure
DEBUG:root:Executing:Sequence: Capture Closest
DEBUG:root:Executing:Action: capture_closest_weakest_planet
DEBUG:root:Order:14 16 24.0
DEBUG:root:Result: Action: capture_closest_weakest_planet -> Failure
DEBUG:root:Result: Sequence: Capture Closest -> Failure
DEBUG:root:Result: Selector: High Level Ordering of Strategies -> Failure
DEBUG:root:Finish turn

DEBUG:root:Executing:Selector: High Level Ordering of Strategies
DEBUG:root:Executing:Sequence: Takedown Largest Planet
DEBUG:root:Executing:Check: have_strongest_planet
DEBUG:root:Result: Check: have_strongest_planet -> Failure
DEBUG:root:Result: Sequence: Takedown Largest Planet -> Failure
DEBUG:root:Executing:Sequence: Evade Enemy Attack
DEBUG:root:Executing:Check: wont_survive_attack
DEBUG:root:Result: Check: wont_survive_attack -> Failure
DEBUG:root:Result: Sequence: Evade Enemy Attack -> Failure
DEBUG:root:Executing:Sequence: Spread Strategy
DEBUG:root:Executing:Check: if_neutral_planet_available
DEBUG:root:Result: Check: if_neutral_planet_available -> Success
DEBUG:root:Executing:Action: spread_to_weakest_neutral_planet
DEBUG:root:Result: Action: spread_to_weakest_neutral_planet -> Failure
DEBUG:root:Result: Sequence: Spread Strategy -> Failure
DEBUG:root:Executing:Sequence: Capture Closest
DEBUG:root:Executing:Action: capture_closest_weakest_planet
DEBUG:root:Order:10 16 27.0
DEBUG:root:Result: Action: capture_closest_weakest_planet -> Failure
DEBUG:root:Result: Sequence: Capture Closest -> Failure
DEBUG:root:Result: Selector: High Level Ordering of Strategies -> Failure
DEBUG:root:Finish turn

DEBUG:root:Executing:Selector: High Level Ordering of Strategies
DEBUG:root:Executing:Sequence: Takedown Largest Planet
DEBUG:root:Executing:Check: have_strongest_planet
DEBUG:root:Result: Check: have_strongest_planet -> Failure
DEBUG:root:Result: Sequence: Takedown Largest Planet -> Failure
DEBUG:root:Executing:Sequence: Evade Enemy Attack
DEBUG:root:Executing:Check: wont_survive_attack
DEBUG:root:Result: Check: wont_survive_attack -> Failure
DEBUG:root:Result: Sequence: Evade Enemy Attack -> Failure
DEBUG:root:Executing:Sequence: Spread Strategy
DEBUG:root:Executing:Check: if_neutral_planet_available
DEBUG:root:Result: Check: if_neutral_planet_available -> Success
DEBUG:root:Executing:Action: spread_to_weakest_neutral_planet
DEBUG:root:Result: Action: spread_to_weakest_neutral_planet -> Failure
DEBUG:root:Result: Sequence: Spread Strategy -> Failure
DEBUG:root:Executing:Sequence: Capture Closest
DEBUG:root:Executing:Action: capture_closest_weakest_planet
DEBUG:root:Order:2 16 30.0
DEBUG:root:Result: Action: capture_closest_weakest_planet -> Failure
DEBUG:root:Result: Sequence: Capture Closest -> Failure
DEBUG:root:Result: Selector: High Level Ordering of Strategies -> Failure
DEBUG:root:Finish turn

DEBUG:root:Executing:Selector: High Level Ordering of Strategies
DEBUG:root:Executing:Sequence: Takedown Largest Planet
DEBUG:root:Executing:Check: have_strongest_planet
DEBUG:root:Result: Check: have_strongest_planet -> Failure
DEBUG:root:Result: Sequence: Takedown Largest Planet -> Failure
DEBUG:root:Executing:Sequence: Evade Enemy Attack
DEBUG:root:Executing:Check: wont_survive_attack
DEBUG:root:Result: Check: wont_survive_attack -> Failure
DEBUG:root:Result: Sequence: Evade Enemy Attack -> Failure
DEBUG:root:Executing:Sequence: Spread Strategy
DEBUG:root:Executing:Check: if_neutral_planet_available
DEBUG:root:Result: Check: if_neutral_planet_available -> Success
DEBUG:root:Executing:Action: spread_to_weakest_neutral_planet
DEBUG:root:Result: Action: spread_to_weakest_neutral_planet -> Failure
DEBUG:root:Result: Sequence: Spread Strategy -> Failure
DEBUG:root:Executing:Sequence: Capture Closest
DEBUG:root:Executing:Action: capture_closest_weakest_planet
DEBUG:root:Order:15 16 33.0
DEBUG:root:Result: Action: capture_closest_weakest_planet -> Failure
DEBUG:root:Result: Sequence: Capture Closest -> Failure
DEBUG:root:Result: Selector: High Level Ordering of Strategies -> Failure
DEBUG:root:Finish turn

DEBUG:root:Executing:Selector: High Level Ordering of Strategies
DEBUG:root:Executing:Sequence: Takedown Largest Planet
DEBUG:root:Executing:Check: have_strongest_planet
DEBUG:root:Result: Check: have_strongest_planet -> Failure
DEBUG:root:Result: Sequence: Takedown Largest Planet -> Failure
DEBUG:root:Executing:Sequence: Evade Enemy Attack
DEBUG:root:Executing:Check: wont_survive_attack
DEBUG:root:Result: Check: wont_survive_attack -> Failure
DEBUG:root:Result: Sequence: Evade Enemy Attack -> Failure
DEBUG:root:Executing:Sequence: Spread Strategy
DEBUG:root:Executing:Check: if_neutral_planet_available
DEBUG:root:Result: Check: if_neutral_planet_available -> Success
DEBUG:root:Executing:Action: spread_to_weakest_neutral_planet
DEBUG:root:Result: Action: spread_to_weakest_neutral_planet -> Failure
DEBUG:root:Result: Sequence: Spread Strategy -> Failure
DEBUG:root:Executing:Sequence: Capture Closest
DEBUG:root:Executing:Action: capture_closest_weakest_planet
DEBUG:root:Order:13 16 36.0
DEBUG:root:Result: Action: capture_closest_weakest_planet -> Failure
DEBUG:root:Result: Sequence: Capture Closest -> Failure
DEBUG:root:Result: Selector: High Level Ordering of Strategies -> Failure
DEBUG:root:Finish turn

DEBUG:root:Executing:Selector: High Level Ordering of Strategies
DEBUG:root:Executing:Sequence: Takedown Largest Planet
DEBUG:root:Executing:Check: have_strongest_planet
DEBUG:root:Result: Check: have_strongest_planet -> Failure
DEBUG:root:Result: Sequence: Takedown Largest Planet -> Failure
DEBUG:root:Executing:Sequence: Evade Enemy Attack
DEBUG:root:Executing:Check: wont_survive_attack
DEBUG:root:Result: Check: wont_survive_attack -> Failure
DEBUG:root:Result: Sequence: Evade Enemy Attack -> Failure
DEBUG:root:Executing:Sequence: Spread Strategy
DEBUG:root:Executing:Check: if_neutral_planet_available
DEBUG:root:Result: Check: if_neutral_planet_available -> Success
DEBUG:root:Executing:Action: spread_to_weakest_neutral_planet
DEBUG:root:Result: Action: spread_to_weakest_neutral_planet -> Failure
DEBUG:root:Result: Sequence: Spread Strategy -> Failure
DEBUG:root:Executing:Sequence: Capture Closest
DEBUG:root:Executing:Action: capture_closest_weakest_planet
DEBUG:root:Order:9 16 39.0
DEBUG:root:Result: Action: capture_closest_weakest_planet -> Failure
DEBUG:root:Result: Sequence: Capture Closest -> Failure
DEBUG:root:Result: Selector: High Level Ordering of Strategies -> Failure
DEBUG:root:Finish turn

DEBUG:root:Executing:Selector: High Level Ordering of Strategies
DEBUG:root:Executing:Sequence: Takedown Largest Planet
DEBUG:root:Executing:Check: have_strongest_planet
DEBUG:root:Result: Check: have_strongest_planet -> Failure
DEBUG:root:Result: Sequence: Takedown Largest Planet -> Failure
DEBUG:root:Executing:Sequence: Evade Enemy Attack
DEBUG:root:Executing:Check: wont_survive_attack
DEBUG:root:Result: Check: wont_survive_attack -> Failure
DEBUG:root:Result: Sequence: Evade Enemy Attack -> Failure
DEBUG:root:Executing:Sequence: Spread Strategy
DEBUG:root:Executing:Check: if_neutral_planet_available
DEBUG:root:Result: Check: if_neutral_planet_available -> Success
DEBUG:root:Executing:Action: spread_to_weakest_neutral_planet
DEBUG:root:Result: Action: spread_to_weakest_neutral_planet -> Failure
DEBUG:root:Result: Sequence: Spread Strategy -> Failure
DEBUG:root:Executing:Sequence: Capture Closest
DEBUG:root:Executing:Action: capture_closest_weakest_planet
DEBUG:root:Order:1 12 28.0
DEBUG:root:Result: Action: capture_closest_weakest_planet -> Failure
DEBUG:root:Result: Sequence: Capture Closest -> Failure
DEBUG:root:Result: Selector: High Level Ordering of Strategies -> Failure
DEBUG:root:Finish turn

DEBUG:root:Executing:Selector: High Level Ordering of Strategies
DEBUG:root:Executing:Sequence: Takedown Largest Planet
DEBUG:root:Executing:Check: have_strongest_planet
DEBUG:root:Result: Check: have_strongest_planet -> Failure
DEBUG:root:Result: Sequence: Takedown Largest Planet -> Failure
DEBUG:root:Executing:Sequence: Evade Enemy Attack
DEBUG:root:Executing:Check: wont_survive_attack
DEBUG:root:Result: Check: wont_survive_attack -> Failure
DEBUG:root:Result: Sequence: Evade Enemy Attack -> Failure
DEBUG:root:Executing:Sequence: Spread Strategy
DEBUG:root:Executing:Check: if_neutral_planet_available
DEBUG:root:Result: Check: if_neutral_planet_available -> Success
DEBUG:root:Executing:Action: spread_to_weakest_neutral_planet
DEBUG:root:Result: Action: spread_to_weakest_neutral_planet -> Failure
DEBUG:root:Result: Sequence: Spread Strategy -> Failure
DEBUG:root:Executing:Sequence: Capture Closest
DEBUG:root:Executing:Action: capture_closest_weakest_planet
DEBUG:root:Order:14 18 21.0
DEBUG:root:Result: Action: capture_closest_weakest_planet -> Failure
DEBUG:root:Result: Sequence: Capture Closest -> Failure
DEBUG:root:Result: Selector: High Level Ordering of Strategies -> Failure
DEBUG:root:Finish turn

DEBUG:root:Executing:Selector: High Level Ordering of Strategies
DEBUG:root:Executing:Sequence: Takedown Largest Planet
DEBUG:root:Executing:Check: have_strongest_planet
DEBUG:root:Result: Check: have_strongest_planet -> Failure
DEBUG:root:Result: Sequence: Takedown Largest Planet -> Failure
DEBUG:root:Executing:Sequence: Evade Enemy Attack
DEBUG:root:Executing:Check: wont_survive_attack
DEBUG:root:Result: Check: wont_survive_attack -> Failure
DEBUG:root:Result: Sequence: Evade Enemy Attack -> Failure
DEBUG:root:Executing:Sequence: Spread Strategy
DEBUG:root:Executing:Check: if_neutral_planet_available
DEBUG:root:Result: Check: if_neutral_planet_available -> Success
DEBUG:root:Executing:Action: spread_to_weakest_neutral_planet
DEBUG:root:Result: Action: spread_to_weakest_neutral_planet -> Failure
DEBUG:root:Result: Sequence: Spread Strategy -> Failure
DEBUG:root:Executing:Sequence: Capture Closest
DEBUG:root:Executing:Action: capture_closest_weakest_planet
DEBUG:root:Order:2 18 23.0
DEBUG:root:Result: Action: capture_closest_weakest_planet -> Failure
DEBUG:root:Result: Sequence: Capture Closest -> Failure
DEBUG:root:Result: Selector: High Level Ordering of Strategies -> Failure
DEBUG:root:Finish turn

DEBUG:root:Executing:Selector: High Level Ordering of Strategies
DEBUG:root:Executing:Sequence: Takedown Largest Planet
DEBUG:root:Executing:Check: have_strongest_planet
DEBUG:root:Result: Check: have_strongest_planet -> Failure
DEBUG:root:Result: Sequence: Takedown Largest Planet -> Failure
DEBUG:root:Executing:Sequence: Evade Enemy Attack
DEBUG:root:Executing:Check: wont_survive_attack
DEBUG:root:Result: Check: wont_survive_attack -> Failure
DEBUG:root:Result: Sequence: Evade Enemy Attack -> Failure
DEBUG:root:Executing:Sequence: Spread Strategy
DEBUG:root:Executing:Check: if_neutral_planet_available
DEBUG:root:Result: Check: if_neutral_planet_available -> Success
DEBUG:root:Executing:Action: spread_to_weakest_neutral_planet
DEBUG:root:Result: Action: spread_to_weakest_neutral_planet -> Failure
DEBUG:root:Result: Sequence: Spread Strategy -> Failure
DEBUG:root:Executing:Sequence: Capture Closest
DEBUG:root:Executing:Action: capture_closest_weakest_planet
DEBUG:root:Order:16 18 25.0
DEBUG:root:Result: Action: capture_closest_weakest_planet -> Failure
DEBUG:root:Result: Sequence: Capture Closest -> Failure
DEBUG:root:Result: Selector: High Level Ordering of Strategies -> Failure
DEBUG:root:Finish turn

DEBUG:root:Executing:Selector: High Level Ordering of Strategies
DEBUG:root:Executing:Sequence: Takedown Largest Planet
DEBUG:root:Executing:Check: have_strongest_planet
DEBUG:root:Result: Check: have_strongest_planet -> Failure
DEBUG:root:Result: Sequence: Takedown Largest Planet -> Failure
DEBUG:root:Executing:Sequence: Evade Enemy Attack
DEBUG:root:Executing:Check: wont_survive_attack
DEBUG:root:Result: Check: wont_survive_attack -> Failure
DEBUG:root:Result: Sequence: Evade Enemy Attack -> Failure
DEBUG:root:Executing:Sequence: Spread Strategy
DEBUG:root:Executing:Check: if_neutral_planet_available
DEBUG:root:Result: Check: if_neutral_planet_available -> Success
DEBUG:root:Executing:Action: spread_to_weakest_neutral_planet
DEBUG:root:Result: Action: spread_to_weakest_neutral_planet -> Failure
DEBUG:root:Result: Sequence: Spread Strategy -> Failure
DEBUG:root:Executing:Sequence: Capture Closest
DEBUG:root:Executing:Action: capture_closest_weakest_planet
DEBUG:root:Order:16 18 27.0
DEBUG:root:Result: Action: capture_closest_weakest_planet -> Failure
DEBUG:root:Result: Sequence: Capture Closest -> Failure
DEBUG:root:Result: Selector: High Level Ordering of Strategies -> Failure
DEBUG:root:Finish turn

DEBUG:root:Executing:Selector: High Level Ordering of Strategies
DEBUG:root:Executing:Sequence: Takedown Largest Planet
DEBUG:root:Executing:Check: have_strongest_planet
DEBUG:root:Result: Check: have_strongest_planet -> Failure
DEBUG:root:Result: Sequence: Takedown Largest Planet -> Failure
DEBUG:root:Executing:Sequence: Evade Enemy Attack
DEBUG:root:Executing:Check: wont_survive_attack
DEBUG:root:Result: Check: wont_survive_attack -> Failure
DEBUG:root:Result: Sequence: Evade Enemy Attack -> Failure
DEBUG:root:Executing:Sequence: Spread Strategy
DEBUG:root:Executing:Check: if_neutral_planet_available
DEBUG:root:Result: Check: if_neutral_planet_available -> Success
DEBUG:root:Executing:Action: spread_to_weakest_neutral_planet
DEBUG:root:Result: Action: spread_to_weakest_neutral_planet -> Failure
DEBUG:root:Result: Sequence: Spread Strategy -> Failure
DEBUG:root:Executing:Sequence: Capture Closest
DEBUG:root:Executing:Action: capture_closest_weakest_planet
DEBUG:root:Order:16 12 38.0
DEBUG:root:Result: Action: capture_closest_weakest_planet -> Failure
DEBUG:root:Result: Sequence: Capture Closest -> Failure
DEBUG:root:Result: Selector: High Level Ordering of Strategies -> Failure
DEBUG:root:Finish turn

DEBUG:root:Executing:Selector: High Level Ordering of Strategies
DEBUG:root:Executing:Sequence: Takedown Largest Planet
DEBUG:root:Executing:Check: have_strongest_planet
DEBUG:root:Result: Check: have_strongest_planet -> Failure
DEBUG:root:Result: Sequence: Takedown Largest Planet -> Failure
DEBUG:root:Executing:Sequence: Evade Enemy Attack
DEBUG:root:Executing:Check: wont_survive_attack
DEBUG:root:Result: Check: wont_survive_attack -> Failure
DEBUG:root:Result: Sequence: Evade Enemy Attack -> Failure
DEBUG:root:Executing:Sequence: Spread Strategy
DEBUG:root:Executing:Check: if_neutral_planet_available
DEBUG:root:Result: Check: if_neutral_planet_available -> Success
DEBUG:root:Executing:Action: spread_to_weakest_neutral_planet
DEBUG:root:Result: Action: spread_to_weakest_neutral_planet -> Failure
DEBUG:root:Result: Sequence: Spread Strategy -> Failure
DEBUG:root:Executing:Sequence: Capture Closest
DEBUG:root:Executing:Action: capture_closest_weakest_planet
DEBUG:root:Order:16 12 40.0
DEBUG:root:Result: Action: capture_closest_weakest_planet -> Failure
DEBUG:root:Result: Sequence: Capture Closest -> Failure
DEBUG:root:Result: Selector: High Level Ordering of Strategies -> Failure
DEBUG:root:Finish turn

DEBUG:root:Executing:Selector: High Level Ordering of Strategies
DEBUG:root:Executing:Sequence: Takedown Largest Planet
DEBUG:root:Executing:Check: have_strongest_planet
DEBUG:root:Result: Check: have_strongest_planet -> Failure
DEBUG:root:Result: Sequence: Takedown Largest Planet -> Failure
DEBUG:root:Executing:Sequence: Evade Enemy Attack
DEBUG:root:Executing:Check: wont_survive_attack
DEBUG:root:Result: Check: wont_survive_attack -> Failure
DEBUG:root:Result: Sequence: Evade Enemy Attack -> Failure
DEBUG:root:Executing:Sequence: Spread Strategy
DEBUG:root:Executing:Check: if_neutral_planet_available
DEBUG:root:Result: Check: if_neutral_planet_available -> Success
DEBUG:root:Executing:Action: spread_to_weakest_neutral_planet
DEBUG:root:Result: Action: spread_to_weakest_neutral_planet -> Failure
DEBUG:root:Result: Sequence: Spread Strategy -> Failure
DEBUG:root:Executing:Sequence: Capture Closest
DEBUG:root:Executing:Action: capture_closest_weakest_planet
DEBUG:root:Order:16 12 42.0
DEBUG:root:Result: Action: capture_closest_weakest_planet -> Failure
DEBUG:root:Result: Sequence: Capture Closest -> Failure
DEBUG:root:Result: Selector: High Level Ordering of Strategies -> Failure
DEBUG:root:Finish turn

DEBUG:root:Executing:Selector: High Level Ordering of Strategies
DEBUG:root:Executing:Sequence: Takedown Largest Planet
DEBUG:root:Executing:Check: have_strongest_planet
DEBUG:root:Result: Check: have_strongest_planet -> Failure
DEBUG:root:Result: Sequence: Takedown Largest Planet -> Failure
DEBUG:root:Executing:Sequence: Evade Enemy Attack
DEBUG:root:Executing:Check: wont_survive_attack
DEBUG:root:Result: Check: wont_survive_attack -> Failure
DEBUG:root:Result: Sequence: Evade Enemy Attack -> Failure
DEBUG:root:Executing:Sequence: Spread Strategy
DEBUG:root:Executing:Check: if_neutral_planet_available
DEBUG:root:Result: Check: if_neutral_planet_available -> Success
DEBUG:root:Executing:Action: spread_to_weakest_neutral_planet
DEBUG:root:Result: Action: spread_to_weakest_neutral_planet -> Failure
DEBUG:root:Result: Sequence: Spread Strategy -> Failure
DEBUG:root:Executing:Sequence: Capture Closest
DEBUG:root:Executing:Action: capture_closest_weakest_planet
DEBUG:root:Order:10 12 44.0
DEBUG:root:Result: Action: capture_closest_weakest_planet -> Failure
DEBUG:root:Result: Sequence: Capture Closest -> Failure
DEBUG:root:Result: Selector: High Level Ordering of Strategies -> Failure
DEBUG:root:Finish turn

DEBUG:root:Executing:Selector: High Level Ordering of Strategies
DEBUG:root:Executing:Sequence: Takedown Largest Planet
DEBUG:root:Executing:Check: have_strongest_planet
DEBUG:root:Result: Check: have_strongest_planet -> Failure
DEBUG:root:Result: Sequence: Takedown Largest Planet -> Failure
DEBUG:root:Executing:Sequence: Evade Enemy Attack
DEBUG:root:Executing:Check: wont_survive_attack
DEBUG:root:Result: Check: wont_survive_attack -> Failure
DEBUG:root:Result: Sequence: Evade Enemy Attack -> Failure
DEBUG:root:Executing:Sequence: Spread Strategy
DEBUG:root:Executing:Check: if_neutral_planet_available
DEBUG:root:Result: Check: if_neutral_planet_available -> Success
DEBUG:root:Executing:Action: spread_to_weakest_neutral_planet
DEBUG:root:Result: Action: spread_to_weakest_neutral_planet -> Failure
DEBUG:root:Result: Sequence: Spread Strategy -> Failure
DEBUG:root:Executing:Sequence: Capture Closest
DEBUG:root:Executing:Action: capture_closest_weakest_planet
DEBUG:root:Order:1 12 46.0
DEBUG:root:Result: Action: capture_closest_weakest_planet -> Failure
DEBUG:root:Result: Sequence: Capture Closest -> Failure
DEBUG:root:Result: Selector: High Level Ordering of Strategies -> Failure
DEBUG:root:Finish turn

DEBUG:root:Executing:Selector: High Level Ordering of Strategies
DEBUG:root:Executing:Sequence: Takedown Largest Planet
DEBUG:root:Executing:Check: have_strongest_planet
DEBUG:root:Result: Check: have_strongest_planet -> Failure
DEBUG:root:Result: Sequence: Takedown Largest Planet -> Failure
DEBUG:root:Executing:Sequence: Evade Enemy Attack
DEBUG:root:Executing:Check: wont_survive_attack
DEBUG:root:Result: Check: wont_survive_attack -> Failure
DEBUG:root:Result: Sequence: Evade Enemy Attack -> Failure
DEBUG:root:Executing:Sequence: Spread Strategy
DEBUG:root:Executing:Check: if_neutral_planet_available
DEBUG:root:Result: Check: if_neutral_planet_available -> Success
DEBUG:root:Executing:Action: spread_to_weakest_neutral_planet
DEBUG:root:Result: Action: spread_to_weakest_neutral_planet -> Failure
DEBUG:root:Result: Sequence: Spread Strategy -> Failure
DEBUG:root:Executing:Sequence: Capture Closest
DEBUG:root:Executing:Action: capture_closest_weakest_planet
DEBUG:root:Order:2 12 48.0
DEBUG:root:Result: Action: capture_closest_weakest_planet -> Failure
DEBUG:root:Result: Sequence: Capture Closest -> Failure
DEBUG:root:Result: Selector: High Level Ordering of Strategies -> Failure
DEBUG:root:Finish turn

DEBUG:root:Executing:Selector: High Level Ordering of Strategies
DEBUG:root:Executing:Sequence: Takedown Largest Planet
DEBUG:root:Executing:Check: have_strongest_planet
DEBUG:root:Result: Check: have_strongest_planet -> Failure
DEBUG:root:Result: Sequence: Takedown Largest Planet -> Failure
DEBUG:root:Executing:Sequence: Evade Enemy Attack
DEBUG:root:Executing:Check: wont_survive_attack
DEBUG:root:Result: Check: wont_survive_attack -> Failure
DEBUG:root:Result: Sequence: Evade Enemy Attack -> Failure
DEBUG:root:Executing:Sequence: Spread Strategy
DEBUG:root:Executing:Check: if_neutral_planet_available
DEBUG:root:Result: Check: if_neutral_planet_available -> Success
DEBUG:root:Executing:Action: spread_to_weakest_neutral_planet
DEBUG:root:Result: Action: spread_to_weakest_neutral_planet -> Failure
DEBUG:root:Result: Sequence: Spread Strategy -> Failure
DEBUG:root:Executing:Sequence: Capture Closest
DEBUG:root:Executing:Action: capture_closest_weakest_planet
DEBUG:root:Order:15 12 50.0
DEBUG:root:Result: Action: capture_closest_weakest_planet -> Failure
DEBUG:root:Result: Sequence: Capture Closest -> Failure
DEBUG:root:Result: Selector: High Level Ordering of Strategies -> Failure
DEBUG:root:Finish turn

DEBUG:root:Executing:Selector: High Level Ordering of Strategies
DEBUG:root:Executing:Sequence: Takedown Largest Planet
DEBUG:root:Executing:Check: have_strongest_planet
DEBUG:root:Result: Check: have_strongest_planet -> Failure
DEBUG:root:Result: Sequence: Takedown Largest Planet -> Failure
DEBUG:root:Executing:Sequence: Evade Enemy Attack
DEBUG:root:Executing:Check: wont_survive_attack
DEBUG:root:Result: Check: wont_survive_attack -> Failure
DEBUG:root:Result: Sequence: Evade Enemy Attack -> Failure
DEBUG:root:Executing:Sequence: Spread Strategy
DEBUG:root:Executing:Check: if_neutral_planet_available
DEBUG:root:Result: Check: if_neutral_planet_available -> Success
DEBUG:root:Executing:Action: spread_to_weakest_neutral_planet
DEBUG:root:Result: Action: spread_to_weakest_neutral_planet -> Failure
DEBUG:root:Result: Sequence: Spread Strategy -> Failure
DEBUG:root:Executing:Sequence: Capture Closest
DEBUG:root:Executing:Action: capture_closest_weakest_planet
DEBUG:root:Order:17 11 23.0
DEBUG:root:Result: Action: capture_closest_weakest_planet -> Failure
DEBUG:root:Result: Sequence: Capture Closest -> Failure
DEBUG:root:Result: Selector: High Level Ordering of Strategies -> Failure
DEBUG:root:Finish turn

DEBUG:root:Executing:Selector: High Level Ordering of Strategies
DEBUG:root:Executing:Sequence: Takedown Largest Planet
DEBUG:root:Executing:Check: have_strongest_planet
DEBUG:root:Result: Check: have_strongest_planet -> Failure
DEBUG:root:Result: Sequence: Takedown Largest Planet -> Failure
DEBUG:root:Executing:Sequence: Evade Enemy Attack
DEBUG:root:Executing:Check: wont_survive_attack
DEBUG:root:Result: Check: wont_survive_attack -> Failure
DEBUG:root:Result: Sequence: Evade Enemy Attack -> Failure
DEBUG:root:Executing:Sequence: Spread Strategy
DEBUG:root:Executing:Check: if_neutral_planet_available
DEBUG:root:Result: Check: if_neutral_planet_available -> Success
DEBUG:root:Executing:Action: spread_to_weakest_neutral_planet
DEBUG:root:Result: Action: spread_to_weakest_neutral_planet -> Failure
DEBUG:root:Result: Sequence: Spread Strategy -> Failure
DEBUG:root:Executing:Sequence: Capture Closest
DEBUG:root:Executing:Action: capture_closest_weakest_planet
DEBUG:root:Order:9 11 25.0
DEBUG:root:Result: Action: capture_closest_weakest_planet -> Failure
DEBUG:root:Result: Sequence: Capture Closest -> Failure
DEBUG:root:Result: Selector: High Level Ordering of Strategies -> Failure
DEBUG:root:Finish turn

DEBUG:root:Executing:Selector: High Level Ordering of Strategies
DEBUG:root:Executing:Sequence: Takedown Largest Planet
DEBUG:root:Executing:Check: have_strongest_planet
DEBUG:root:Result: Check: have_strongest_planet -> Failure
DEBUG:root:Result: Sequence: Takedown Largest Planet -> Failure
DEBUG:root:Executing:Sequence: Evade Enemy Attack
DEBUG:root:Executing:Check: wont_survive_attack
DEBUG:root:Result: Check: wont_survive_attack -> Failure
DEBUG:root:Result: Sequence: Evade Enemy Attack -> Failure
DEBUG:root:Executing:Sequence: Spread Strategy
DEBUG:root:Executing:Check: if_neutral_planet_available
DEBUG:root:Result: Check: if_neutral_planet_available -> Success
DEBUG:root:Executing:Action: spread_to_weakest_neutral_planet
DEBUG:root:Result: Action: spread_to_weakest_neutral_planet -> Failure
DEBUG:root:Result: Sequence: Spread Strategy -> Failure
DEBUG:root:Executing:Sequence: Capture Closest
DEBUG:root:Executing:Action: capture_closest_weakest_planet
DEBUG:root:Order:16 12 27.0
DEBUG:root:Result: Action: capture_closest_weakest_planet -> Failure
DEBUG:root:Result: Sequence: Capture Closest -> Failure
DEBUG:root:Result: Selector: High Level Ordering of Strategies -> Failure
DEBUG:root:Finish turn

DEBUG:root:Executing:Selector: High Level Ordering of Strategies
DEBUG:root:Executing:Sequence: Takedown Largest Planet
DEBUG:root:Executing:Check: have_strongest_planet
DEBUG:root:Result: Check: have_strongest_planet -> Failure
DEBUG:root:Result: Sequence: Takedown Largest Planet -> Failure
DEBUG:root:Executing:Sequence: Evade Enemy Attack
DEBUG:root:Executing:Check: wont_survive_attack
DEBUG:root:Result: Check: wont_survive_attack -> Failure
DEBUG:root:Result: Sequence: Evade Enemy Attack -> Failure
DEBUG:root:Executing:Sequence: Spread Strategy
DEBUG:root:Executing:Check: if_neutral_planet_available
DEBUG:root:Result: Check: if_neutral_planet_available -> Success
DEBUG:root:Executing:Action: spread_to_weakest_neutral_planet
DEBUG:root:Result: Action: spread_to_weakest_neutral_planet -> Failure
DEBUG:root:Result: Sequence: Spread Strategy -> Failure
DEBUG:root:Executing:Sequence: Capture Closest
DEBUG:root:Executing:Action: capture_closest_weakest_planet
DEBUG:root:Order:1 12 29.0
DEBUG:root:Result: Action: capture_closest_weakest_planet -> Failure
DEBUG:root:Result: Sequence: Capture Closest -> Failure
DEBUG:root:Result: Selector: High Level Ordering of Strategies -> Failure
DEBUG:root:Finish turn

DEBUG:root:Executing:Selector: High Level Ordering of Strategies
DEBUG:root:Executing:Sequence: Takedown Largest Planet
DEBUG:root:Executing:Check: have_strongest_planet
DEBUG:root:Result: Check: have_strongest_planet -> Failure
DEBUG:root:Result: Sequence: Takedown Largest Planet -> Failure
DEBUG:root:Executing:Sequence: Evade Enemy Attack
DEBUG:root:Executing:Check: wont_survive_attack
DEBUG:root:Result: Check: wont_survive_attack -> Failure
DEBUG:root:Result: Sequence: Evade Enemy Attack -> Failure
DEBUG:root:Executing:Sequence: Spread Strategy
DEBUG:root:Executing:Check: if_neutral_planet_available
DEBUG:root:Result: Check: if_neutral_planet_available -> Success
DEBUG:root:Executing:Action: spread_to_weakest_neutral_planet
DEBUG:root:Result: Action: spread_to_weakest_neutral_planet -> Failure
DEBUG:root:Result: Sequence: Spread Strategy -> Failure
DEBUG:root:Executing:Sequence: Capture Closest
DEBUG:root:Executing:Action: capture_closest_weakest_planet
DEBUG:root:Order:10 12 31.0
DEBUG:root:Result: Action: capture_closest_weakest_planet -> Failure
DEBUG:root:Result: Sequence: Capture Closest -> Failure
DEBUG:root:Result: Selector: High Level Ordering of Strategies -> Failure
DEBUG:root:Finish turn

DEBUG:root:Executing:Selector: High Level Ordering of Strategies
DEBUG:root:Executing:Sequence: Takedown Largest Planet
DEBUG:root:Executing:Check: have_strongest_planet
DEBUG:root:Result: Check: have_strongest_planet -> Failure
DEBUG:root:Result: Sequence: Takedown Largest Planet -> Failure
DEBUG:root:Executing:Sequence: Evade Enemy Attack
DEBUG:root:Executing:Check: wont_survive_attack
DEBUG:root:Result: Check: wont_survive_attack -> Failure
DEBUG:root:Result: Sequence: Evade Enemy Attack -> Failure
DEBUG:root:Executing:Sequence: Spread Strategy
DEBUG:root:Executing:Check: if_neutral_planet_available
DEBUG:root:Result: Check: if_neutral_planet_available -> Success
DEBUG:root:Executing:Action: spread_to_weakest_neutral_planet
DEBUG:root:Result: Action: spread_to_weakest_neutral_planet -> Failure
DEBUG:root:Result: Sequence: Spread Strategy -> Failure
DEBUG:root:Executing:Sequence: Capture Closest
DEBUG:root:Executing:Action: capture_closest_weakest_planet
DEBUG:root:Order:18 12 33.0
DEBUG:root:Result: Action: capture_closest_weakest_planet -> Failure
DEBUG:root:Result: Sequence: Capture Closest -> Failure
DEBUG:root:Result: Selector: High Level Ordering of Strategies -> Failure
DEBUG:root:Finish turn

DEBUG:root:Executing:Selector: High Level Ordering of Strategies
DEBUG:root:Executing:Sequence: Takedown Largest Planet
DEBUG:root:Executing:Check: have_strongest_planet
DEBUG:root:Result: Check: have_strongest_planet -> Failure
DEBUG:root:Result: Sequence: Takedown Largest Planet -> Failure
DEBUG:root:Executing:Sequence: Evade Enemy Attack
DEBUG:root:Executing:Check: wont_survive_attack
DEBUG:root:Result: Check: wont_survive_attack -> Failure
DEBUG:root:Result: Sequence: Evade Enemy Attack -> Failure
DEBUG:root:Executing:Sequence: Spread Strategy
DEBUG:root:Executing:Check: if_neutral_planet_available
DEBUG:root:Result: Check: if_neutral_planet_available -> Success
DEBUG:root:Executing:Action: spread_to_weakest_neutral_planet
DEBUG:root:Result: Action: spread_to_weakest_neutral_planet -> Failure
DEBUG:root:Result: Sequence: Spread Strategy -> Failure
DEBUG:root:Executing:Sequence: Capture Closest
DEBUG:root:Executing:Action: capture_closest_weakest_planet
DEBUG:root:Result: Action: capture_closest_weakest_planet -> Failure
DEBUG:root:Result: Sequence: Capture Closest -> Failure
DEBUG:root:Result: Selector: High Level Ordering of Strategies -> Failure
DEBUG:root:Finish turn

DEBUG:root:Executing:Selector: High Level Ordering of Strategies
DEBUG:root:Executing:Sequence: Takedown Largest Planet
DEBUG:root:Executing:Check: have_strongest_planet
DEBUG:root:Result: Check: have_strongest_planet -> Failure
DEBUG:root:Result: Sequence: Takedown Largest Planet -> Failure
DEBUG:root:Executing:Sequence: Evade Enemy Attack
DEBUG:root:Executing:Check: wont_survive_attack
DEBUG:root:Result: Check: wont_survive_attack -> Failure
DEBUG:root:Result: Sequence: Evade Enemy Attack -> Failure
DEBUG:root:Executing:Sequence: Spread Strategy
DEBUG:root:Executing:Check: if_neutral_planet_available
DEBUG:root:Result: Check: if_neutral_planet_available -> Success
DEBUG:root:Executing:Action: spread_to_weakest_neutral_planet
DEBUG:root:Result: Action: spread_to_weakest_neutral_planet -> Failure
DEBUG:root:Result: Sequence: Spread Strategy -> Failure
DEBUG:root:Executing:Sequence: Capture Closest
DEBUG:root:Executing:Action: capture_closest_weakest_planet
DEBUG:root:Result: Action: capture_closest_weakest_planet -> Failure
DEBUG:root:Result: Sequence: Capture Closest -> Failure
DEBUG:root:Result: Selector: High Level Ordering of Strategies -> Failure
DEBUG:root:Finish turn

DEBUG:root:Executing:Selector: High Level Ordering of Strategies
DEBUG:root:Executing:Sequence: Takedown Largest Planet
DEBUG:root:Executing:Check: have_strongest_planet
DEBUG:root:Result: Check: have_strongest_planet -> Failure
DEBUG:root:Result: Sequence: Takedown Largest Planet -> Failure
DEBUG:root:Executing:Sequence: Evade Enemy Attack
DEBUG:root:Executing:Check: wont_survive_attack
DEBUG:root:Result: Check: wont_survive_attack -> Failure
DEBUG:root:Result: Sequence: Evade Enemy Attack -> Failure
DEBUG:root:Executing:Sequence: Spread Strategy
DEBUG:root:Executing:Check: if_neutral_planet_available
DEBUG:root:Result: Check: if_neutral_planet_available -> Success
DEBUG:root:Executing:Action: spread_to_weakest_neutral_planet
DEBUG:root:Result: Action: spread_to_weakest_neutral_planet -> Failure
DEBUG:root:Result: Sequence: Spread Strategy -> Failure
DEBUG:root:Executing:Sequence: Capture Closest
DEBUG:root:Executing:Action: capture_closest_weakest_planet
DEBUG:root:Result: Action: capture_closest_weakest_planet -> Failure
DEBUG:root:Result: Sequence: Capture Closest -> Failure
DEBUG:root:Result: Selector: High Level Ordering of Strategies -> Failure
DEBUG:root:Finish turn

DEBUG:root:Executing:Selector: High Level Ordering of Strategies
DEBUG:root:Executing:Sequence: Takedown Largest Planet
DEBUG:root:Executing:Check: have_strongest_planet
DEBUG:root:Result: Check: have_strongest_planet -> Success
DEBUG:root:Executing:Action: takedown_largest
INFO:root:Inside takedown largest
INFO:root:129.0
INFO:root:Taking down largest
DEBUG:root:Order:12 0 130.0
DEBUG:root:Result: Action: takedown_largest -> Success
DEBUG:root:Result: Sequence: Takedown Largest Planet -> Success
DEBUG:root:Result: Selector: High Level Ordering of Strategies -> Success
DEBUG:root:Finish turn

DEBUG:root:Executing:Selector: High Level Ordering of Strategies
DEBUG:root:Executing:Sequence: Takedown Largest Planet
DEBUG:root:Executing:Check: have_strongest_planet
DEBUG:root:Result: Check: have_strongest_planet -> Success
DEBUG:root:Executing:Action: takedown_largest
INFO:root:Inside takedown largest
INFO:root:129.0
DEBUG:root:Result: Action: takedown_largest -> Failure
DEBUG:root:Result: Sequence: Takedown Largest Planet -> Failure
DEBUG:root:Executing:Sequence: Evade Enemy Attack
DEBUG:root:Executing:Check: wont_survive_attack
DEBUG:root:Result: Check: wont_survive_attack -> Failure
DEBUG:root:Result: Sequence: Evade Enemy Attack -> Failure
DEBUG:root:Executing:Sequence: Spread Strategy
DEBUG:root:Executing:Check: if_neutral_planet_available
DEBUG:root:Result: Check: if_neutral_planet_available -> Success
DEBUG:root:Executing:Action: spread_to_weakest_neutral_planet
DEBUG:root:Result: Action: spread_to_weakest_neutral_planet -> Failure
DEBUG:root:Result: Sequence: Spread Strategy -> Failure
DEBUG:root:Executing:Sequence: Capture Closest
DEBUG:root:Executing:Action: capture_closest_weakest_planet
DEBUG:root:Order:12 13 22.0
DEBUG:root:Result: Action: capture_closest_weakest_planet -> Failure
DEBUG:root:Result: Sequence: Capture Closest -> Failure
DEBUG:root:Result: Selector: High Level Ordering of Strategies -> Failure
DEBUG:root:Finish turn

DEBUG:root:Executing:Selector: High Level Ordering of Strategies
DEBUG:root:Executing:Sequence: Takedown Largest Planet
DEBUG:root:Executing:Check: have_strongest_planet
DEBUG:root:Result: Check: have_strongest_planet -> Success
DEBUG:root:Executing:Action: takedown_largest
INFO:root:Inside takedown largest
INFO:root:129.0
DEBUG:root:Result: Action: takedown_largest -> Failure
DEBUG:root:Result: Sequence: Takedown Largest Planet -> Failure
DEBUG:root:Executing:Sequence: Evade Enemy Attack
DEBUG:root:Executing:Check: wont_survive_attack
DEBUG:root:Result: Check: wont_survive_attack -> Failure
DEBUG:root:Result: Sequence: Evade Enemy Attack -> Failure
DEBUG:root:Executing:Sequence: Spread Strategy
DEBUG:root:Executing:Check: if_neutral_planet_available
DEBUG:root:Result: Check: if_neutral_planet_available -> Success
DEBUG:root:Executing:Action: spread_to_weakest_neutral_planet
DEBUG:root:Result: Action: spread_to_weakest_neutral_planet -> Failure
DEBUG:root:Result: Sequence: Spread Strategy -> Failure
DEBUG:root:Executing:Sequence: Capture Closest
DEBUG:root:Executing:Action: capture_closest_weakest_planet
DEBUG:root:Order:12 13 23.0
DEBUG:root:Result: Action: capture_closest_weakest_planet -> Failure
DEBUG:root:Result: Sequence: Capture Closest -> Failure
DEBUG:root:Result: Selector: High Level Ordering of Strategies -> Failure
DEBUG:root:Finish turn

DEBUG:root:Executing:Selector: High Level Ordering of Strategies
DEBUG:root:Executing:Sequence: Takedown Largest Planet
DEBUG:root:Executing:Check: have_strongest_planet
DEBUG:root:Result: Check: have_strongest_planet -> Success
DEBUG:root:Executing:Action: takedown_largest
INFO:root:Inside takedown largest
INFO:root:129.0
DEBUG:root:Result: Action: takedown_largest -> Failure
DEBUG:root:Result: Sequence: Takedown Largest Planet -> Failure
DEBUG:root:Executing:Sequence: Evade Enemy Attack
DEBUG:root:Executing:Check: wont_survive_attack
DEBUG:root:Result: Check: wont_survive_attack -> Failure
DEBUG:root:Result: Sequence: Evade Enemy Attack -> Failure
DEBUG:root:Executing:Sequence: Spread Strategy
DEBUG:root:Executing:Check: if_neutral_planet_available
DEBUG:root:Result: Check: if_neutral_planet_available -> Success
DEBUG:root:Executing:Action: spread_to_weakest_neutral_planet
DEBUG:root:Result: Action: spread_to_weakest_neutral_planet -> Failure
DEBUG:root:Result: Sequence: Spread Strategy -> Failure
DEBUG:root:Executing:Sequence: Capture Closest
DEBUG:root:Executing:Action: capture_closest_weakest_planet
DEBUG:root:Order:12 13 24.0
DEBUG:root:Result: Action: capture_closest_weakest_planet -> Failure
DEBUG:root:Result: Sequence: Capture Closest -> Failure
DEBUG:root:Result: Selector: High Level Ordering of Strategies -> Failure
DEBUG:root:Finish turn

DEBUG:root:Executing:Selector: High Level Ordering of Strategies
DEBUG:root:Executing:Sequence: Takedown Largest Planet
DEBUG:root:Executing:Check: have_strongest_planet
DEBUG:root:Result: Check: have_strongest_planet -> Failure
DEBUG:root:Result: Sequence: Takedown Largest Planet -> Failure
DEBUG:root:Executing:Sequence: Evade Enemy Attack
DEBUG:root:Executing:Check: wont_survive_attack
DEBUG:root:Result: Check: wont_survive_attack -> Failure
DEBUG:root:Result: Sequence: Evade Enemy Attack -> Failure
DEBUG:root:Executing:Sequence: Spread Strategy
DEBUG:root:Executing:Check: if_neutral_planet_available
DEBUG:root:Result: Check: if_neutral_planet_available -> Success
DEBUG:root:Executing:Action: spread_to_weakest_neutral_planet
DEBUG:root:Result: Action: spread_to_weakest_neutral_planet -> Failure
DEBUG:root:Result: Sequence: Spread Strategy -> Failure
DEBUG:root:Executing:Sequence: Capture Closest
DEBUG:root:Executing:Action: capture_closest_weakest_planet
DEBUG:root:Order:12 13 25.0
DEBUG:root:Result: Action: capture_closest_weakest_planet -> Failure
DEBUG:root:Result: Sequence: Capture Closest -> Failure
DEBUG:root:Result: Selector: High Level Ordering of Strategies -> Failure
DEBUG:root:Finish turn

DEBUG:root:Executing:Selector: High Level Ordering of Strategies
DEBUG:root:Executing:Sequence: Takedown Largest Planet
DEBUG:root:Executing:Check: have_strongest_planet
DEBUG:root:Result: Check: have_strongest_planet -> Failure
DEBUG:root:Result: Sequence: Takedown Largest Planet -> Failure
DEBUG:root:Executing:Sequence: Evade Enemy Attack
DEBUG:root:Executing:Check: wont_survive_attack
DEBUG:root:Result: Check: wont_survive_attack -> Failure
DEBUG:root:Result: Sequence: Evade Enemy Attack -> Failure
DEBUG:root:Executing:Sequence: Spread Strategy
DEBUG:root:Executing:Check: if_neutral_planet_available
DEBUG:root:Result: Check: if_neutral_planet_available -> Success
DEBUG:root:Executing:Action: spread_to_weakest_neutral_planet
DEBUG:root:Result: Action: spread_to_weakest_neutral_planet -> Failure
DEBUG:root:Result: Sequence: Spread Strategy -> Failure
DEBUG:root:Executing:Sequence: Capture Closest
DEBUG:root:Executing:Action: capture_closest_weakest_planet
DEBUG:root:Order:12 13 26.0
DEBUG:root:Result: Action: capture_closest_weakest_planet -> Failure
DEBUG:root:Result: Sequence: Capture Closest -> Failure
DEBUG:root:Result: Selector: High Level Ordering of Strategies -> Failure
DEBUG:root:Finish turn

DEBUG:root:Executing:Selector: High Level Ordering of Strategies
DEBUG:root:Executing:Sequence: Takedown Largest Planet
DEBUG:root:Executing:Check: have_strongest_planet
DEBUG:root:Result: Check: have_strongest_planet -> Failure
DEBUG:root:Result: Sequence: Takedown Largest Planet -> Failure
DEBUG:root:Executing:Sequence: Evade Enemy Attack
DEBUG:root:Executing:Check: wont_survive_attack
DEBUG:root:Result: Check: wont_survive_attack -> Failure
DEBUG:root:Result: Sequence: Evade Enemy Attack -> Failure
DEBUG:root:Executing:Sequence: Spread Strategy
DEBUG:root:Executing:Check: if_neutral_planet_available
DEBUG:root:Result: Check: if_neutral_planet_available -> Success
DEBUG:root:Executing:Action: spread_to_weakest_neutral_planet
DEBUG:root:Result: Action: spread_to_weakest_neutral_planet -> Failure
DEBUG:root:Result: Sequence: Spread Strategy -> Failure
DEBUG:root:Executing:Sequence: Capture Closest
DEBUG:root:Executing:Action: capture_closest_weakest_planet
DEBUG:root:Order:12 7 21.0
DEBUG:root:Result: Action: capture_closest_weakest_planet -> Failure
DEBUG:root:Result: Sequence: Capture Closest -> Failure
DEBUG:root:Result: Selector: High Level Ordering of Strategies -> Failure
DEBUG:root:Finish turn

DEBUG:root:Executing:Selector: High Level Ordering of Strategies
DEBUG:root:Executing:Sequence: Takedown Largest Planet
DEBUG:root:Executing:Check: have_strongest_planet
DEBUG:root:Result: Check: have_strongest_planet -> Failure
DEBUG:root:Result: Sequence: Takedown Largest Planet -> Failure
DEBUG:root:Executing:Sequence: Evade Enemy Attack
DEBUG:root:Executing:Check: wont_survive_attack
DEBUG:root:Result: Check: wont_survive_attack -> Failure
DEBUG:root:Result: Sequence: Evade Enemy Attack -> Failure
DEBUG:root:Executing:Sequence: Spread Strategy
DEBUG:root:Executing:Check: if_neutral_planet_available
DEBUG:root:Result: Check: if_neutral_planet_available -> Success
DEBUG:root:Executing:Action: spread_to_weakest_neutral_planet
DEBUG:root:Result: Action: spread_to_weakest_neutral_planet -> Failure
DEBUG:root:Result: Sequence: Spread Strategy -> Failure
DEBUG:root:Executing:Sequence: Capture Closest
DEBUG:root:Executing:Action: capture_closest_weakest_planet
DEBUG:root:Order:12 7 22.0
DEBUG:root:Result: Action: capture_closest_weakest_planet -> Failure
DEBUG:root:Result: Sequence: Capture Closest -> Failure
DEBUG:root:Result: Selector: High Level Ordering of Strategies -> Failure
DEBUG:root:Finish turn

DEBUG:root:Executing:Selector: High Level Ordering of Strategies
DEBUG:root:Executing:Sequence: Takedown Largest Planet
DEBUG:root:Executing:Check: have_strongest_planet
DEBUG:root:Result: Check: have_strongest_planet -> Success
DEBUG:root:Executing:Action: takedown_largest
INFO:root:Inside takedown largest
INFO:root:129.0
DEBUG:root:Result: Action: takedown_largest -> Failure
DEBUG:root:Result: Sequence: Takedown Largest Planet -> Failure
DEBUG:root:Executing:Sequence: Evade Enemy Attack
DEBUG:root:Executing:Check: wont_survive_attack
DEBUG:root:Result: Check: wont_survive_attack -> Failure
DEBUG:root:Result: Sequence: Evade Enemy Attack -> Failure
DEBUG:root:Executing:Sequence: Spread Strategy
DEBUG:root:Executing:Check: if_neutral_planet_available
DEBUG:root:Result: Check: if_neutral_planet_available -> Success
DEBUG:root:Executing:Action: spread_to_weakest_neutral_planet
DEBUG:root:Result: Action: spread_to_weakest_neutral_planet -> Failure
DEBUG:root:Result: Sequence: Spread Strategy -> Failure
DEBUG:root:Executing:Sequence: Capture Closest
DEBUG:root:Executing:Action: capture_closest_weakest_planet
DEBUG:root:Order:12 7 23.0
DEBUG:root:Result: Action: capture_closest_weakest_planet -> Failure
DEBUG:root:Result: Sequence: Capture Closest -> Failure
DEBUG:root:Result: Selector: High Level Ordering of Strategies -> Failure
DEBUG:root:Finish turn

DEBUG:root:Executing:Selector: High Level Ordering of Strategies
DEBUG:root:Executing:Sequence: Takedown Largest Planet
DEBUG:root:Executing:Check: have_strongest_planet
DEBUG:root:Result: Check: have_strongest_planet -> Failure
DEBUG:root:Result: Sequence: Takedown Largest Planet -> Failure
DEBUG:root:Executing:Sequence: Evade Enemy Attack
DEBUG:root:Executing:Check: wont_survive_attack
DEBUG:root:Result: Check: wont_survive_attack -> Failure
DEBUG:root:Result: Sequence: Evade Enemy Attack -> Failure
DEBUG:root:Executing:Sequence: Spread Strategy
DEBUG:root:Executing:Check: if_neutral_planet_available
DEBUG:root:Result: Check: if_neutral_planet_available -> Success
DEBUG:root:Executing:Action: spread_to_weakest_neutral_planet
DEBUG:root:Result: Action: spread_to_weakest_neutral_planet -> Failure
DEBUG:root:Result: Sequence: Spread Strategy -> Failure
DEBUG:root:Executing:Sequence: Capture Closest
DEBUG:root:Executing:Action: capture_closest_weakest_planet
DEBUG:root:Order:12 7 24.0
DEBUG:root:Result: Action: capture_closest_weakest_planet -> Failure
DEBUG:root:Result: Sequence: Capture Closest -> Failure
DEBUG:root:Result: Selector: High Level Ordering of Strategies -> Failure
DEBUG:root:Finish turn

DEBUG:root:Executing:Selector: High Level Ordering of Strategies
DEBUG:root:Executing:Sequence: Takedown Largest Planet
DEBUG:root:Executing:Check: have_strongest_planet
DEBUG:root:Result: Check: have_strongest_planet -> Failure
DEBUG:root:Result: Sequence: Takedown Largest Planet -> Failure
DEBUG:root:Executing:Sequence: Evade Enemy Attack
DEBUG:root:Executing:Check: wont_survive_attack
DEBUG:root:Result: Check: wont_survive_attack -> Failure
DEBUG:root:Result: Sequence: Evade Enemy Attack -> Failure
DEBUG:root:Executing:Sequence: Spread Strategy
DEBUG:root:Executing:Check: if_neutral_planet_available
DEBUG:root:Result: Check: if_neutral_planet_available -> Success
DEBUG:root:Executing:Action: spread_to_weakest_neutral_planet
DEBUG:root:Result: Action: spread_to_weakest_neutral_planet -> Failure
DEBUG:root:Result: Sequence: Spread Strategy -> Failure
DEBUG:root:Executing:Sequence: Capture Closest
DEBUG:root:Executing:Action: capture_closest_weakest_planet
DEBUG:root:Order:2 7 25.0
DEBUG:root:Result: Action: capture_closest_weakest_planet -> Failure
DEBUG:root:Result: Sequence: Capture Closest -> Failure
DEBUG:root:Result: Selector: High Level Ordering of Strategies -> Failure
DEBUG:root:Finish turn

DEBUG:root:Executing:Selector: High Level Ordering of Strategies
DEBUG:root:Executing:Sequence: Takedown Largest Planet
DEBUG:root:Executing:Check: have_strongest_planet
DEBUG:root:Result: Check: have_strongest_planet -> Failure
DEBUG:root:Result: Sequence: Takedown Largest Planet -> Failure
DEBUG:root:Executing:Sequence: Evade Enemy Attack
DEBUG:root:Executing:Check: wont_survive_attack
DEBUG:root:Result: Check: wont_survive_attack -> Failure
DEBUG:root:Result: Sequence: Evade Enemy Attack -> Failure
DEBUG:root:Executing:Sequence: Spread Strategy
DEBUG:root:Executing:Check: if_neutral_planet_available
DEBUG:root:Result: Check: if_neutral_planet_available -> Success
DEBUG:root:Executing:Action: spread_to_weakest_neutral_planet
DEBUG:root:Result: Action: spread_to_weakest_neutral_planet -> Failure
DEBUG:root:Result: Sequence: Spread Strategy -> Failure
DEBUG:root:Executing:Sequence: Capture Closest
DEBUG:root:Executing:Action: capture_closest_weakest_planet
DEBUG:root:Order:9 7 26.0
DEBUG:root:Result: Action: capture_closest_weakest_planet -> Failure
DEBUG:root:Result: Sequence: Capture Closest -> Failure
DEBUG:root:Result: Selector: High Level Ordering of Strategies -> Failure
DEBUG:root:Finish turn

DEBUG:root:Executing:Selector: High Level Ordering of Strategies
DEBUG:root:Executing:Sequence: Takedown Largest Planet
DEBUG:root:Executing:Check: have_strongest_planet
DEBUG:root:Result: Check: have_strongest_planet -> Success
DEBUG:root:Executing:Action: takedown_largest
INFO:root:Inside takedown largest
INFO:root:129.0
DEBUG:root:Result: Action: takedown_largest -> Failure
DEBUG:root:Result: Sequence: Takedown Largest Planet -> Failure
DEBUG:root:Executing:Sequence: Evade Enemy Attack
DEBUG:root:Executing:Check: wont_survive_attack
DEBUG:root:Result: Check: wont_survive_attack -> Failure
DEBUG:root:Result: Sequence: Evade Enemy Attack -> Failure
DEBUG:root:Executing:Sequence: Spread Strategy
DEBUG:root:Executing:Check: if_neutral_planet_available
DEBUG:root:Result: Check: if_neutral_planet_available -> Success
DEBUG:root:Executing:Action: spread_to_weakest_neutral_planet
DEBUG:root:Result: Action: spread_to_weakest_neutral_planet -> Failure
DEBUG:root:Result: Sequence: Spread Strategy -> Failure
DEBUG:root:Executing:Sequence: Capture Closest
DEBUG:root:Executing:Action: capture_closest_weakest_planet
DEBUG:root:Order:12 7 27.0
DEBUG:root:Result: Action: capture_closest_weakest_planet -> Failure
DEBUG:root:Result: Sequence: Capture Closest -> Failure
DEBUG:root:Result: Selector: High Level Ordering of Strategies -> Failure
DEBUG:root:Finish turn

DEBUG:root:Executing:Selector: High Level Ordering of Strategies
DEBUG:root:Executing:Sequence: Takedown Largest Planet
DEBUG:root:Executing:Check: have_strongest_planet
DEBUG:root:Result: Check: have_strongest_planet -> Success
DEBUG:root:Executing:Action: takedown_largest
INFO:root:Inside takedown largest
INFO:root:90.0
INFO:root:Taking down largest
DEBUG:root:Order:1 8 91.0
DEBUG:root:Result: Action: takedown_largest -> Success
DEBUG:root:Result: Sequence: Takedown Largest Planet -> Success
DEBUG:root:Result: Selector: High Level Ordering of Strategies -> Success
DEBUG:root:Finish turn

DEBUG:root:Executing:Selector: High Level Ordering of Strategies
DEBUG:root:Executing:Sequence: Takedown Largest Planet
DEBUG:root:Executing:Check: have_strongest_planet
DEBUG:root:Result: Check: have_strongest_planet -> Success
DEBUG:root:Executing:Action: takedown_largest
INFO:root:Inside takedown largest
INFO:root:90.0
DEBUG:root:Result: Action: takedown_largest -> Failure
DEBUG:root:Result: Sequence: Takedown Largest Planet -> Failure
DEBUG:root:Executing:Sequence: Evade Enemy Attack
DEBUG:root:Executing:Check: wont_survive_attack
DEBUG:root:Result: Check: wont_survive_attack -> Failure
DEBUG:root:Result: Sequence: Evade Enemy Attack -> Failure
DEBUG:root:Executing:Sequence: Spread Strategy
DEBUG:root:Executing:Check: if_neutral_planet_available
DEBUG:root:Result: Check: if_neutral_planet_available -> Success
DEBUG:root:Executing:Action: spread_to_weakest_neutral_planet
DEBUG:root:Result: Action: spread_to_weakest_neutral_planet -> Failure
DEBUG:root:Result: Sequence: Spread Strategy -> Failure
DEBUG:root:Executing:Sequence: Capture Closest
DEBUG:root:Executing:Action: capture_closest_weakest_planet
DEBUG:root:Order:2 7 29.0
DEBUG:root:Result: Action: capture_closest_weakest_planet -> Failure
DEBUG:root:Result: Sequence: Capture Closest -> Failure
DEBUG:root:Result: Selector: High Level Ordering of Strategies -> Failure
DEBUG:root:Finish turn

DEBUG:root:Executing:Selector: High Level Ordering of Strategies
DEBUG:root:Executing:Sequence: Takedown Largest Planet
DEBUG:root:Executing:Check: have_strongest_planet
DEBUG:root:Result: Check: have_strongest_planet -> Success
DEBUG:root:Executing:Action: takedown_largest
INFO:root:Inside takedown largest
INFO:root:90.0
DEBUG:root:Result: Action: takedown_largest -> Failure
DEBUG:root:Result: Sequence: Takedown Largest Planet -> Failure
DEBUG:root:Executing:Sequence: Evade Enemy Attack
DEBUG:root:Executing:Check: wont_survive_attack
DEBUG:root:Result: Check: wont_survive_attack -> Failure
DEBUG:root:Result: Sequence: Evade Enemy Attack -> Failure
DEBUG:root:Executing:Sequence: Spread Strategy
DEBUG:root:Executing:Check: if_neutral_planet_available
DEBUG:root:Result: Check: if_neutral_planet_available -> Success
DEBUG:root:Executing:Action: spread_to_weakest_neutral_planet
DEBUG:root:Result: Action: spread_to_weakest_neutral_planet -> Failure
DEBUG:root:Result: Sequence: Spread Strategy -> Failure
DEBUG:root:Executing:Sequence: Capture Closest
DEBUG:root:Executing:Action: capture_closest_weakest_planet
DEBUG:root:Order:12 7 30.0
DEBUG:root:Result: Action: capture_closest_weakest_planet -> Failure
DEBUG:root:Result: Sequence: Capture Closest -> Failure
DEBUG:root:Result: Selector: High Level Ordering of Strategies -> Failure
DEBUG:root:Finish turn

DEBUG:root:Executing:Selector: High Level Ordering of Strategies
DEBUG:root:Executing:Sequence: Takedown Largest Planet
DEBUG:root:Executing:Check: have_strongest_planet
DEBUG:root:Result: Check: have_strongest_planet -> Success
DEBUG:root:Executing:Action: takedown_largest
INFO:root:Inside takedown largest
INFO:root:90.0
DEBUG:root:Result: Action: takedown_largest -> Failure
DEBUG:root:Result: Sequence: Takedown Largest Planet -> Failure
DEBUG:root:Executing:Sequence: Evade Enemy Attack
DEBUG:root:Executing:Check: wont_survive_attack
DEBUG:root:Result: Check: wont_survive_attack -> Failure
DEBUG:root:Result: Sequence: Evade Enemy Attack -> Failure
DEBUG:root:Executing:Sequence: Spread Strategy
DEBUG:root:Executing:Check: if_neutral_planet_available
DEBUG:root:Result: Check: if_neutral_planet_available -> Success
DEBUG:root:Executing:Action: spread_to_weakest_neutral_planet
DEBUG:root:Result: Action: spread_to_weakest_neutral_planet -> Failure
DEBUG:root:Result: Sequence: Spread Strategy -> Failure
DEBUG:root:Executing:Sequence: Capture Closest
DEBUG:root:Executing:Action: capture_closest_weakest_planet
DEBUG:root:Order:9 7 31.0
DEBUG:root:Result: Action: capture_closest_weakest_planet -> Failure
DEBUG:root:Result: Sequence: Capture Closest -> Failure
DEBUG:root:Result: Selector: High Level Ordering of Strategies -> Failure
DEBUG:root:Finish turn

DEBUG:root:Executing:Selector: High Level Ordering of Strategies
DEBUG:root:Executing:Sequence: Takedown Largest Planet
DEBUG:root:Executing:Check: have_strongest_planet
DEBUG:root:Result: Check: have_strongest_planet -> Success
DEBUG:root:Executing:Action: takedown_largest
INFO:root:Inside takedown largest
INFO:root:90.0
DEBUG:root:Result: Action: takedown_largest -> Failure
DEBUG:root:Result: Sequence: Takedown Largest Planet -> Failure
DEBUG:root:Executing:Sequence: Evade Enemy Attack
DEBUG:root:Executing:Check: wont_survive_attack
DEBUG:root:Result: Check: wont_survive_attack -> Failure
DEBUG:root:Result: Sequence: Evade Enemy Attack -> Failure
DEBUG:root:Executing:Sequence: Spread Strategy
DEBUG:root:Executing:Check: if_neutral_planet_available
DEBUG:root:Result: Check: if_neutral_planet_available -> Success
DEBUG:root:Executing:Action: spread_to_weakest_neutral_planet
DEBUG:root:Result: Action: spread_to_weakest_neutral_planet -> Failure
DEBUG:root:Result: Sequence: Spread Strategy -> Failure
DEBUG:root:Executing:Sequence: Capture Closest
DEBUG:root:Executing:Action: capture_closest_weakest_planet
DEBUG:root:Order:10 7 32.0
DEBUG:root:Result: Action: capture_closest_weakest_planet -> Failure
DEBUG:root:Result: Sequence: Capture Closest -> Failure
DEBUG:root:Result: Selector: High Level Ordering of Strategies -> Failure
DEBUG:root:Finish turn

DEBUG:root:Executing:Selector: High Level Ordering of Strategies
DEBUG:root:Executing:Sequence: Takedown Largest Planet
DEBUG:root:Executing:Check: have_strongest_planet
DEBUG:root:Result: Check: have_strongest_planet -> Success
DEBUG:root:Executing:Action: takedown_largest
INFO:root:Inside takedown largest
INFO:root:90.0
DEBUG:root:Result: Action: takedown_largest -> Failure
DEBUG:root:Result: Sequence: Takedown Largest Planet -> Failure
DEBUG:root:Executing:Sequence: Evade Enemy Attack
DEBUG:root:Executing:Check: wont_survive_attack
DEBUG:root:Result: Check: wont_survive_attack -> Failure
DEBUG:root:Result: Sequence: Evade Enemy Attack -> Failure
DEBUG:root:Executing:Sequence: Spread Strategy
DEBUG:root:Executing:Check: if_neutral_planet_available
DEBUG:root:Result: Check: if_neutral_planet_available -> Success
DEBUG:root:Executing:Action: spread_to_weakest_neutral_planet
DEBUG:root:Result: Action: spread_to_weakest_neutral_planet -> Failure
DEBUG:root:Result: Sequence: Spread Strategy -> Failure
DEBUG:root:Executing:Sequence: Capture Closest
DEBUG:root:Executing:Action: capture_closest_weakest_planet
DEBUG:root:Order:2 7 33.0
DEBUG:root:Result: Action: capture_closest_weakest_planet -> Failure
DEBUG:root:Result: Sequence: Capture Closest -> Failure
DEBUG:root:Result: Selector: High Level Ordering of Strategies -> Failure
DEBUG:root:Finish turn

DEBUG:root:Executing:Selector: High Level Ordering of Strategies
DEBUG:root:Executing:Sequence: Takedown Largest Planet
DEBUG:root:Executing:Check: have_strongest_planet
DEBUG:root:Result: Check: have_strongest_planet -> Success
DEBUG:root:Executing:Action: takedown_largest
INFO:root:Inside takedown largest
INFO:root:90.0
DEBUG:root:Result: Action: takedown_largest -> Failure
DEBUG:root:Result: Sequence: Takedown Largest Planet -> Failure
DEBUG:root:Executing:Sequence: Evade Enemy Attack
DEBUG:root:Executing:Check: wont_survive_attack
DEBUG:root:Result: Check: wont_survive_attack -> Failure
DEBUG:root:Result: Sequence: Evade Enemy Attack -> Failure
DEBUG:root:Executing:Sequence: Spread Strategy
DEBUG:root:Executing:Check: if_neutral_planet_available
DEBUG:root:Result: Check: if_neutral_planet_available -> Success
DEBUG:root:Executing:Action: spread_to_weakest_neutral_planet
DEBUG:root:Result: Action: spread_to_weakest_neutral_planet -> Failure
DEBUG:root:Result: Sequence: Spread Strategy -> Failure
DEBUG:root:Executing:Sequence: Capture Closest
DEBUG:root:Executing:Action: capture_closest_weakest_planet
DEBUG:root:Order:16 7 34.0
DEBUG:root:Result: Action: capture_closest_weakest_planet -> Failure
DEBUG:root:Result: Sequence: Capture Closest -> Failure
DEBUG:root:Result: Selector: High Level Ordering of Strategies -> Failure
DEBUG:root:Finish turn

DEBUG:root:Executing:Selector: High Level Ordering of Strategies
DEBUG:root:Executing:Sequence: Takedown Largest Planet
DEBUG:root:Executing:Check: have_strongest_planet
DEBUG:root:Result: Check: have_strongest_planet -> Success
DEBUG:root:Executing:Action: takedown_largest
INFO:root:Inside takedown largest
INFO:root:90.0
DEBUG:root:Result: Action: takedown_largest -> Failure
DEBUG:root:Result: Sequence: Takedown Largest Planet -> Failure
DEBUG:root:Executing:Sequence: Evade Enemy Attack
DEBUG:root:Executing:Check: wont_survive_attack
DEBUG:root:Result: Check: wont_survive_attack -> Failure
DEBUG:root:Result: Sequence: Evade Enemy Attack -> Failure
DEBUG:root:Executing:Sequence: Spread Strategy
DEBUG:root:Executing:Check: if_neutral_planet_available
DEBUG:root:Result: Check: if_neutral_planet_available -> Success
DEBUG:root:Executing:Action: spread_to_weakest_neutral_planet
DEBUG:root:Result: Action: spread_to_weakest_neutral_planet -> Failure
DEBUG:root:Result: Sequence: Spread Strategy -> Failure
DEBUG:root:Executing:Sequence: Capture Closest
DEBUG:root:Executing:Action: capture_closest_weakest_planet
DEBUG:root:Order:15 7 35.0
DEBUG:root:Result: Action: capture_closest_weakest_planet -> Failure
DEBUG:root:Result: Sequence: Capture Closest -> Failure
DEBUG:root:Result: Selector: High Level Ordering of Strategies -> Failure
DEBUG:root:Finish turn

DEBUG:root:Executing:Selector: High Level Ordering of Strategies
DEBUG:root:Executing:Sequence: Takedown Largest Planet
DEBUG:root:Executing:Check: have_strongest_planet
DEBUG:root:Result: Check: have_strongest_planet -> Success
DEBUG:root:Executing:Action: takedown_largest
INFO:root:Inside takedown largest
INFO:root:90.0
DEBUG:root:Result: Action: takedown_largest -> Failure
DEBUG:root:Result: Sequence: Takedown Largest Planet -> Failure
DEBUG:root:Executing:Sequence: Evade Enemy Attack
DEBUG:root:Executing:Check: wont_survive_attack
DEBUG:root:Result: Check: wont_survive_attack -> Failure
DEBUG:root:Result: Sequence: Evade Enemy Attack -> Failure
DEBUG:root:Executing:Sequence: Spread Strategy
DEBUG:root:Executing:Check: if_neutral_planet_available
DEBUG:root:Result: Check: if_neutral_planet_available -> Success
DEBUG:root:Executing:Action: spread_to_weakest_neutral_planet
DEBUG:root:Result: Action: spread_to_weakest_neutral_planet -> Failure
DEBUG:root:Result: Sequence: Spread Strategy -> Failure
DEBUG:root:Executing:Sequence: Capture Closest
DEBUG:root:Executing:Action: capture_closest_weakest_planet
DEBUG:root:Order:18 7 36.0
DEBUG:root:Result: Action: capture_closest_weakest_planet -> Failure
DEBUG:root:Result: Sequence: Capture Closest -> Failure
DEBUG:root:Result: Selector: High Level Ordering of Strategies -> Failure
DEBUG:root:Finish turn

DEBUG:root:Executing:Selector: High Level Ordering of Strategies
DEBUG:root:Executing:Sequence: Takedown Largest Planet
DEBUG:root:Executing:Check: have_strongest_planet
DEBUG:root:Result: Check: have_strongest_planet -> Success
DEBUG:root:Executing:Action: takedown_largest
INFO:root:Inside takedown largest
INFO:root:90.0
DEBUG:root:Result: Action: takedown_largest -> Failure
DEBUG:root:Result: Sequence: Takedown Largest Planet -> Failure
DEBUG:root:Executing:Sequence: Evade Enemy Attack
DEBUG:root:Executing:Check: wont_survive_attack
DEBUG:root:Result: Check: wont_survive_attack -> Failure
DEBUG:root:Result: Sequence: Evade Enemy Attack -> Failure
DEBUG:root:Executing:Sequence: Spread Strategy
DEBUG:root:Executing:Check: if_neutral_planet_available
DEBUG:root:Result: Check: if_neutral_planet_available -> Success
DEBUG:root:Executing:Action: spread_to_weakest_neutral_planet
DEBUG:root:Result: Action: spread_to_weakest_neutral_planet -> Failure
DEBUG:root:Result: Sequence: Spread Strategy -> Failure
DEBUG:root:Executing:Sequence: Capture Closest
DEBUG:root:Executing:Action: capture_closest_weakest_planet
DEBUG:root:Order:9 0 21.0
DEBUG:root:Result: Action: capture_closest_weakest_planet -> Failure
DEBUG:root:Result: Sequence: Capture Closest -> Failure
DEBUG:root:Result: Selector: High Level Ordering of Strategies -> Failure
DEBUG:root:Finish turn

DEBUG:root:Executing:Selector: High Level Ordering of Strategies
DEBUG:root:Executing:Sequence: Takedown Largest Planet
DEBUG:root:Executing:Check: have_strongest_planet
DEBUG:root:Result: Check: have_strongest_planet -> Success
DEBUG:root:Executing:Action: takedown_largest
INFO:root:Inside takedown largest
INFO:root:90.0
DEBUG:root:Result: Action: takedown_largest -> Failure
DEBUG:root:Result: Sequence: Takedown Largest Planet -> Failure
DEBUG:root:Executing:Sequence: Evade Enemy Attack
DEBUG:root:Executing:Check: wont_survive_attack
DEBUG:root:Result: Check: wont_survive_attack -> Failure
DEBUG:root:Result: Sequence: Evade Enemy Attack -> Failure
DEBUG:root:Executing:Sequence: Spread Strategy
DEBUG:root:Executing:Check: if_neutral_planet_available
DEBUG:root:Result: Check: if_neutral_planet_available -> Success
DEBUG:root:Executing:Action: spread_to_weakest_neutral_planet
DEBUG:root:Result: Action: spread_to_weakest_neutral_planet -> Failure
DEBUG:root:Result: Sequence: Spread Strategy -> Failure
DEBUG:root:Executing:Sequence: Capture Closest
DEBUG:root:Executing:Action: capture_closest_weakest_planet
DEBUG:root:Order:10 0 21.0
DEBUG:root:Result: Action: capture_closest_weakest_planet -> Failure
DEBUG:root:Result: Sequence: Capture Closest -> Failure
DEBUG:root:Result: Selector: High Level Ordering of Strategies -> Failure
DEBUG:root:Finish turn

DEBUG:root:Executing:Selector: High Level Ordering of Strategies
DEBUG:root:Executing:Sequence: Takedown Largest Planet
DEBUG:root:Executing:Check: have_strongest_planet
DEBUG:root:Result: Check: have_strongest_planet -> Success
DEBUG:root:Executing:Action: takedown_largest
INFO:root:Inside takedown largest
INFO:root:90.0
DEBUG:root:Result: Action: takedown_largest -> Failure
DEBUG:root:Result: Sequence: Takedown Largest Planet -> Failure
DEBUG:root:Executing:Sequence: Evade Enemy Attack
DEBUG:root:Executing:Check: wont_survive_attack
DEBUG:root:Result: Check: wont_survive_attack -> Failure
DEBUG:root:Result: Sequence: Evade Enemy Attack -> Failure
DEBUG:root:Executing:Sequence: Spread Strategy
DEBUG:root:Executing:Check: if_neutral_planet_available
DEBUG:root:Result: Check: if_neutral_planet_available -> Success
DEBUG:root:Executing:Action: spread_to_weakest_neutral_planet
DEBUG:root:Result: Action: spread_to_weakest_neutral_planet -> Failure
DEBUG:root:Result: Sequence: Spread Strategy -> Failure
DEBUG:root:Executing:Sequence: Capture Closest
DEBUG:root:Executing:Action: capture_closest_weakest_planet
DEBUG:root:Order:11 0 21.0
DEBUG:root:Result: Action: capture_closest_weakest_planet -> Failure
DEBUG:root:Result: Sequence: Capture Closest -> Failure
DEBUG:root:Result: Selector: High Level Ordering of Strategies -> Failure
DEBUG:root:Finish turn

DEBUG:root:Executing:Selector: High Level Ordering of Strategies
DEBUG:root:Executing:Sequence: Takedown Largest Planet
DEBUG:root:Executing:Check: have_strongest_planet
DEBUG:root:Result: Check: have_strongest_planet -> Success
DEBUG:root:Executing:Action: takedown_largest
INFO:root:Inside takedown largest
INFO:root:90.0
DEBUG:root:Result: Action: takedown_largest -> Failure
DEBUG:root:Result: Sequence: Takedown Largest Planet -> Failure
DEBUG:root:Executing:Sequence: Evade Enemy Attack
DEBUG:root:Executing:Check: wont_survive_attack
DEBUG:root:Result: Check: wont_survive_attack -> Failure
DEBUG:root:Result: Sequence: Evade Enemy Attack -> Failure
DEBUG:root:Executing:Sequence: Spread Strategy
DEBUG:root:Executing:Check: if_neutral_planet_available
DEBUG:root:Result: Check: if_neutral_planet_available -> Success
DEBUG:root:Executing:Action: spread_to_weakest_neutral_planet
DEBUG:root:Result: Action: spread_to_weakest_neutral_planet -> Failure
DEBUG:root:Result: Sequence: Spread Strategy -> Failure
DEBUG:root:Executing:Sequence: Capture Closest
DEBUG:root:Executing:Action: capture_closest_weakest_planet
DEBUG:root:Order:7 0 21.0
DEBUG:root:Result: Action: capture_closest_weakest_planet -> Failure
DEBUG:root:Result: Sequence: Capture Closest -> Failure
DEBUG:root:Result: Selector: High Level Ordering of Strategies -> Failure
DEBUG:root:Finish turn

DEBUG:root:Executing:Selector: High Level Ordering of Strategies
DEBUG:root:Executing:Sequence: Takedown Largest Planet
DEBUG:root:Executing:Check: have_strongest_planet
DEBUG:root:Result: Check: have_strongest_planet -> Success
DEBUG:root:Executing:Action: takedown_largest
INFO:root:Inside takedown largest
INFO:root:90.0
DEBUG:root:Result: Action: takedown_largest -> Failure
DEBUG:root:Result: Sequence: Takedown Largest Planet -> Failure
DEBUG:root:Executing:Sequence: Evade Enemy Attack
DEBUG:root:Executing:Check: wont_survive_attack
DEBUG:root:Result: Check: wont_survive_attack -> Failure
DEBUG:root:Result: Sequence: Evade Enemy Attack -> Failure
DEBUG:root:Executing:Sequence: Spread Strategy
DEBUG:root:Executing:Check: if_neutral_planet_available
DEBUG:root:Result: Check: if_neutral_planet_available -> Success
DEBUG:root:Executing:Action: spread_to_weakest_neutral_planet
DEBUG:root:Result: Action: spread_to_weakest_neutral_planet -> Failure
DEBUG:root:Result: Sequence: Spread Strategy -> Failure
DEBUG:root:Executing:Sequence: Capture Closest
DEBUG:root:Executing:Action: capture_closest_weakest_planet
DEBUG:root:Order:7 0 21.0
DEBUG:root:Result: Action: capture_closest_weakest_planet -> Failure
DEBUG:root:Result: Sequence: Capture Closest -> Failure
DEBUG:root:Result: Selector: High Level Ordering of Strategies -> Failure
DEBUG:root:Finish turn

